This is XeTeX, Version 3.14159265-2.6-0.99992 (TeX Live 2015) (preloaded format=xelatex 2015.5.24)  16 APR 2018 21:27
entering extended mode
 restricted \write18 enabled.
 file:line:error style messages enabled.
 %&-line parsing enabled.
**dissertation.tex
(./dissertation.tex
LaTeX2e <2015/01/01>
Babel <3.9l> and hyphenation patterns for 79 languages loaded.
(./Dissertate.cls
Document Class: Dissertate 2017/03/25 v2.0 Dissertate Class
(/usr/local/texlive/2015/texmf-dist/tex/latex/base/book.cls
Document Class: book 2014/09/29 v1.4h Standard LaTeX document class
(/usr/local/texlive/2015/texmf-dist/tex/latex/base/bk12.clo
File: bk12.clo 2014/09/29 v1.4h Standard LaTeX file (size option)
)
\c@part=\count79
\c@chapter=\count80
\c@section=\count81
\c@subsection=\count82
\c@subsubsection=\count83
\c@paragraph=\count84
\c@subparagraph=\count85
\c@figure=\count86
\c@table=\count87
\abovecaptionskip=\skip41
\belowcaptionskip=\skip42
\bibindent=\dimen102
)
(/usr/local/texlive/2015/texmf-dist/tex/latex/etoolbox/etoolbox.sty
Package: etoolbox 2015/05/04 v2.2 e-TeX tools for LaTeX (JAW)
\etb@tempcnta=\count88
)
(/usr/local/texlive/2015/texmf-dist/tex/latex/geometry/geometry.sty
Package: geometry 2010/09/12 v5.6 Page Geometry

(/usr/local/texlive/2015/texmf-dist/tex/latex/graphics/keyval.sty
Package: keyval 2014/10/28 v1.15 key=value parser (DPC)
\KV@toks@=\toks14
)
(/usr/local/texlive/2015/texmf-dist/tex/generic/oberdiek/ifpdf.sty
Package: ifpdf 2011/01/30 v2.3 Provides the ifpdf switch (HO)
Package ifpdf Info: pdfTeX in PDF mode is not detected.
)
(/usr/local/texlive/2015/texmf-dist/tex/generic/oberdiek/ifvtex.sty
Package: ifvtex 2010/03/01 v1.5 Detect VTeX and its facilities (HO)
Package ifvtex Info: VTeX not detected.
)
(/usr/local/texlive/2015/texmf-dist/tex/generic/ifxetex/ifxetex.sty
Package: ifxetex 2010/09/12 v0.6 Provides ifxetex conditional
)
\Gm@cnth=\count89
\Gm@cntv=\count90
\c@Gm@tempcnt=\count91
\Gm@bindingoffset=\dimen103
\Gm@wd@mp=\dimen104
\Gm@odd@mp=\dimen105
\Gm@even@mp=\dimen106
\Gm@layoutwidth=\dimen107
\Gm@layoutheight=\dimen108
\Gm@layouthoffset=\dimen109
\Gm@layoutvoffset=\dimen110
\Gm@dimlist=\toks15
)
(/usr/local/texlive/2015/texmf-dist/tex/latex/ms/ragged2e.sty
Package: ragged2e 2009/05/21 v2.1 ragged2e Package (MS)

(/usr/local/texlive/2015/texmf-dist/tex/latex/ms/everysel.sty
Package: everysel 2011/10/28 v1.2 EverySelectfont Package (MS)
)
\CenteringLeftskip=\skip43
\RaggedLeftLeftskip=\skip44
\RaggedRightLeftskip=\skip45
\CenteringRightskip=\skip46
\RaggedLeftRightskip=\skip47
\RaggedRightRightskip=\skip48
\CenteringParfillskip=\skip49
\RaggedLeftParfillskip=\skip50
\RaggedRightParfillskip=\skip51
\JustifyingParfillskip=\skip52
\CenteringParindent=\skip53
\RaggedLeftParindent=\skip54
\RaggedRightParindent=\skip55
\JustifyingParindent=\skip56
)
(/usr/local/texlive/2015/texmf-dist/tex/latex/graphics/graphicx.sty
Package: graphicx 2014/10/28 v1.0g Enhanced LaTeX Graphics (DPC,SPQR)

(/usr/local/texlive/2015/texmf-dist/tex/latex/graphics/graphics.sty
Package: graphics 2014/10/28 v1.0p Standard LaTeX Graphics (DPC,SPQR)

(/usr/local/texlive/2015/texmf-dist/tex/latex/graphics/trig.sty
Package: trig 1999/03/16 v1.09 sin cos tan (DPC)
)
(/usr/local/texlive/2015/texmf-dist/tex/latex/latexconfig/graphics.cfg
File: graphics.cfg 2010/04/23 v1.9 graphics configuration of TeX Live
)
Package graphics Info: Driver file: xetex.def on input line 94.

(/usr/local/texlive/2015/texmf-dist/tex/xelatex/xetex-def/xetex.def
File: xetex.def 2015/03/25 v4.04 LaTeX color/graphics driver for XeTeX (TeX Liv
e/RRM/JK)
))
\Gin@req@height=\dimen111
\Gin@req@width=\dimen112
)
(/usr/local/texlive/2015/texmf-dist/tex/latex/base/fixltx2e.sty
Package: fixltx2e 2015/02/21 v2.0a fixes to LaTeX (obsolete)


Package fixltx2e Warning: fixltx2e is not required with releases after 2015
(fixltx2e)                All fixes are now in the LaTeX kernel.
(fixltx2e)                See the latexrelease package for details.

) (/usr/local/texlive/2015/texmf-dist/tex/latex/lettrine/lettrine.sty
File: lettrine.sty 2015/02/16 v1.8 (Daniel Flipo)
\c@DefaultLines=\count92
\c@DefaultDepth=\count93
\DefaultFindent=\dimen113
\DefaultNindent=\dimen114
\DefaultSlope=\dimen115
\DiscardVskip=\dimen116
\L@lbox=\box26
\L@tbox=\box27
\c@L@lines=\count94
\c@L@depth=\count95
\L@Pindent=\dimen117
\L@Findent=\dimen118
\L@Nindent=\dimen119
\L@lraise=\dimen120
\L@first=\dimen121
\L@next=\dimen122
\L@slope=\dimen123
\L@height=\dimen124
\L@novskip=\dimen125
\LettrineWidth=\dimen126
\LettrineHeight=\dimen127
\LettrineDepth=\dimen128

Loading lettrine.cfg
(/usr/local/texlive/2015/texmf-dist/tex/latex/lettrine/lettrine.cfg))
(/usr/local/texlive/2015/texmf-dist/tex/latex/setspace/setspace.sty
Package: setspace 2011/12/19 v6.7a set line spacing
)
(/usr/local/texlive/2015/texmf-dist/tex/latex/tools/verbatim.sty
Package: verbatim 2014/10/28 v1.5q LaTeX2e package for verbatim enhancements
\every@verbatim=\toks16
\verbatim@line=\toks17
\verbatim@in@stream=\read1
)
(/usr/local/texlive/2015/texmf-dist/tex/latex/graphics/color.sty
Package: color 2014/10/28 v1.1a Standard LaTeX Color (DPC)

(/usr/local/texlive/2015/texmf-dist/tex/latex/latexconfig/color.cfg
File: color.cfg 2007/01/18 v1.5 color configuration of teTeX/TeXLive
)
Package color Info: Driver file: xetex.def on input line 142.
)
(/usr/local/texlive/2015/texmf-dist/tex/latex/xcolor/xcolor.sty
Package: xcolor 2007/01/21 v2.11 LaTeX color extensions (UK)

(/usr/local/texlive/2015/texmf-dist/tex/latex/latexconfig/color.cfg
File: color.cfg 2007/01/18 v1.5 color configuration of teTeX/TeXLive
)
Package xcolor Info: Driver file: xetex.def on input line 225.
LaTeX Info: Redefining \color on input line 702.
Package xcolor Info: Model `cmy' substituted by `cmy0' on input line 1337.
Package xcolor Info: Model `RGB' extended on input line 1353.
Package xcolor Info: Model `HTML' substituted by `rgb' on input line 1355.
Package xcolor Info: Model `Hsb' substituted by `hsb' on input line 1356.
Package xcolor Info: Model `tHsb' substituted by `hsb' on input line 1357.
Package xcolor Info: Model `HSB' substituted by `hsb' on input line 1358.
Package xcolor Info: Model `Gray' substituted by `gray' on input line 1359.
Package xcolor Info: Model `wave' substituted by `hsb' on input line 1360.
)
(/usr/local/texlive/2015/texmf-dist/tex/latex/hyperref/hyperref.sty
Package: hyperref 2012/11/06 v6.83m Hypertext links for LaTeX

(/usr/local/texlive/2015/texmf-dist/tex/generic/oberdiek/hobsub-hyperref.sty
Package: hobsub-hyperref 2012/05/28 v1.13 Bundle oberdiek, subset hyperref (HO)


(/usr/local/texlive/2015/texmf-dist/tex/generic/oberdiek/hobsub-generic.sty
Package: hobsub-generic 2012/05/28 v1.13 Bundle oberdiek, subset generic (HO)
Package: hobsub 2012/05/28 v1.13 Construct package bundles (HO)
Package: infwarerr 2010/04/08 v1.3 Providing info/warning/error messages (HO)
Package: ltxcmds 2011/11/09 v1.22 LaTeX kernel commands for general use (HO)
Package: ifluatex 2010/03/01 v1.3 Provides the ifluatex switch (HO)
Package ifluatex Info: LuaTeX not detected.
Package hobsub Info: Skipping package `ifvtex' (already loaded).
Package: intcalc 2007/09/27 v1.1 Expandable calculations with integers (HO)
Package hobsub Info: Skipping package `ifpdf' (already loaded).
Package: etexcmds 2011/02/16 v1.5 Avoid name clashes with e-TeX commands (HO)
Package etexcmds Info: Could not find \expanded.
(etexcmds)             That can mean that you are not using pdfTeX 1.50 or
(etexcmds)             that some package has redefined \expanded.
(etexcmds)             In the latter case, load this package earlier.
Package: kvsetkeys 2012/04/25 v1.16 Key value parser (HO)
Package: kvdefinekeys 2011/04/07 v1.3 Define keys (HO)
Package: pdftexcmds 2011/11/29 v0.20 Utility functions of pdfTeX for LuaTeX (HO
)
Package pdftexcmds Info: LuaTeX not detected.
Package pdftexcmds Info: pdfTeX >= 1.30 not detected.
Package pdftexcmds Info: \pdf@primitive is available.
Package pdftexcmds Info: \pdf@ifprimitive is available.
Package pdftexcmds Info: \pdfdraftmode not found.
Package: pdfescape 2011/11/25 v1.13 Implements pdfTeX's escape features (HO)
Package: bigintcalc 2012/04/08 v1.3 Expandable calculations on big integers (HO
)
Package: bitset 2011/01/30 v1.1 Handle bit-vector datatype (HO)
Package: uniquecounter 2011/01/30 v1.2 Provide unlimited unique counter (HO)
)
Package hobsub Info: Skipping package `hobsub' (already loaded).
Package: letltxmacro 2010/09/02 v1.4 Let assignment for LaTeX macros (HO)
Package: hopatch 2012/05/28 v1.2 Wrapper for package hooks (HO)
Package: xcolor-patch 2011/01/30 xcolor patch
Package: atveryend 2011/06/30 v1.8 Hooks at the very end of document (HO)
Package: atbegshi 2011/10/05 v1.16 At begin shipout hook (HO)
Package: refcount 2011/10/16 v3.4 Data extraction from label references (HO)
Package: hycolor 2011/01/30 v1.7 Color options for hyperref/bookmark (HO)
)
(/usr/local/texlive/2015/texmf-dist/tex/latex/oberdiek/auxhook.sty
Package: auxhook 2011/03/04 v1.3 Hooks for auxiliary files (HO)
)
(/usr/local/texlive/2015/texmf-dist/tex/latex/oberdiek/kvoptions.sty
Package: kvoptions 2011/06/30 v3.11 Key value format for package options (HO)
)
\@linkdim=\dimen129
\Hy@linkcounter=\count96
\Hy@pagecounter=\count97

(/usr/local/texlive/2015/texmf-dist/tex/latex/hyperref/pd1enc.def
File: pd1enc.def 2012/11/06 v6.83m Hyperref: PDFDocEncoding definition (HO)
)
\Hy@SavedSpaceFactor=\count98

(/usr/local/texlive/2015/texmf-dist/tex/latex/latexconfig/hyperref.cfg
File: hyperref.cfg 2002/06/06 v1.2 hyperref configuration of TeXLive
)
Package hyperref Info: Hyper figures OFF on input line 4443.
Package hyperref Info: Link nesting OFF on input line 4448.
Package hyperref Info: Hyper index ON on input line 4451.
Package hyperref Info: Plain pages OFF on input line 4458.
Package hyperref Info: Backreferencing OFF on input line 4463.
Package hyperref Info: Implicit mode ON; LaTeX internals redefined.
Package hyperref Info: Bookmarks ON on input line 4688.
\c@Hy@tempcnt=\count99

(/usr/local/texlive/2015/texmf-dist/tex/latex/url/url.sty
\Urlmuskip=\muskip10
Package: url 2013/09/16  ver 3.4  Verb mode for urls, etc.
)
LaTeX Info: Redefining \url on input line 5041.
\XeTeXLinkMargin=\dimen130
\Fld@menulength=\count100
\Field@Width=\dimen131
\Fld@charsize=\dimen132
Package hyperref Info: Hyper figures OFF on input line 6295.
Package hyperref Info: Link nesting OFF on input line 6300.
Package hyperref Info: Hyper index ON on input line 6303.
Package hyperref Info: backreferencing OFF on input line 6310.
Package hyperref Info: Link coloring OFF on input line 6315.
Package hyperref Info: Link coloring with OCG OFF on input line 6320.
Package hyperref Info: PDF/A mode OFF on input line 6325.
LaTeX Info: Redefining \ref on input line 6365.
LaTeX Info: Redefining \pageref on input line 6369.
\Hy@abspage=\count101
\c@Item=\count102
\c@Hfootnote=\count103
)

Package hyperref Message: Driver (autodetected): hxetex.

(/usr/local/texlive/2015/texmf-dist/tex/latex/hyperref/hxetex.def
File: hxetex.def 2012/11/06 v6.83m Hyperref driver for XeTeX

(/usr/local/texlive/2015/texmf-dist/tex/latex/hyperref/puenc.def
File: puenc.def 2012/11/06 v6.83m Hyperref: PDF Unicode definition (HO)
)
(/usr/local/texlive/2015/texmf-dist/tex/generic/oberdiek/stringenc.sty
Package: stringenc 2011/12/02 v1.10 Convert strings between diff. encodings (HO
)
)
\pdfm@box=\box28
\c@Hy@AnnotLevel=\count104
\HyField@AnnotCount=\count105
\Fld@listcount=\count106
\c@bookmark@seq@number=\count107

(/usr/local/texlive/2015/texmf-dist/tex/latex/oberdiek/rerunfilecheck.sty
Package: rerunfilecheck 2011/04/15 v1.7 Rerun checks for auxiliary files (HO)
Package rerunfilecheck Info: Feature \pdfmdfivesum is not available
(rerunfilecheck)             (e.g. pdfTeX or LuaTeX with package `pdftexcmds').

(rerunfilecheck)             Therefore file contents cannot be checked efficien
tly
(rerunfilecheck)             and the loading of the package is aborted.
)
\Hy@SectionHShift=\skip57
)
(/usr/local/texlive/2015/texmf-dist/tex/latex/amsfonts/amssymb.sty
Package: amssymb 2013/01/14 v3.01 AMS font symbols

(/usr/local/texlive/2015/texmf-dist/tex/latex/amsfonts/amsfonts.sty
Package: amsfonts 2013/01/14 v3.01 Basic AMSFonts support
\@emptytoks=\toks18
\symAMSa=\mathgroup4
\symAMSb=\mathgroup5
LaTeX Font Info:    Overwriting math alphabet `\mathfrak' in version `bold'
(Font)                  U/euf/m/n --> U/euf/b/n on input line 106.
))
(/usr/local/texlive/2015/texmf-dist/tex/xelatex/mathspec/mathspec.sty
Package: mathspec 2009/09/30 v0.2 LaTeX Package (Mathematics font selection for
 XeLaTeX)

(/usr/local/texlive/2015/texmf-dist/tex/latex/amsmath/amstext.sty
Package: amstext 2000/06/29 v2.01

(/usr/local/texlive/2015/texmf-dist/tex/latex/amsmath/amsgen.sty
File: amsgen.sty 1999/11/30 v2.0
\@emptytoks=\toks19
\ex@=\dimen133
))
(/usr/local/texlive/2015/texmf-dist/tex/latex/fontspec/fontspec.sty
Package: fontspec 2015/03/14 v2.4c Font selection for XeLaTeX and LuaLaTeX

(/usr/local/texlive/2015/texmf-dist/tex/latex/l3kernel/expl3.sty
Package: expl3 2015/03/01 v5547 L3 programming layer (loader) 

(/usr/local/texlive/2015/texmf-dist/tex/latex/l3kernel/expl3-code.tex
Package: expl3 2015/03/01 v5547 L3 programming layer (code) 
L3 Module: l3bootstrap 2015/02/28 v5542 L3 Bootstrap code
L3 Module: l3names 2015/02/24 v5535 L3 Namespace for primitives
L3 Module: l3basics 2015/01/27 v5500 L3 Basic definitions
L3 Module: l3expan 2014/11/27 v5472 L3 Argument expansion
L3 Module: l3tl 2015/01/27 v5500 L3 Token lists
L3 Module: l3str 2015/03/01 v5545 L3 Strings
L3 Module: l3seq 2014/08/23 v5354 L3 Sequences and stacks
L3 Module: l3int 2015/02/21 v5529 L3 Integers
\c_max_int=\count108
\l_tmpa_int=\count109
\l_tmpb_int=\count110
\g_tmpa_int=\count111
\g_tmpb_int=\count112
L3 Module: l3quark 2014/08/23 v5354 L3 Quarks
L3 Module: l3prg 2014/08/23 v5354 L3 Control structures
\g__prg_map_int=\count113
L3 Module: l3clist 2014/08/23 v5354 L3 Comma separated lists
L3 Module: l3token 2014/09/15 v5422 L3 Experimental token manipulation
L3 Module: l3prop 2014/08/23 v5354 L3 Property lists
L3 Module: l3msg 2015/02/26 v5537 L3 Messages
L3 Module: l3file 2014/08/24 v5369 L3 File and I/O operations
\l_iow_line_count_int=\count114
\l__iow_target_count_int=\count115
\l__iow_current_line_int=\count116
\l__iow_current_word_int=\count117
\l__iow_current_indentation_int=\count118
L3 Module: l3skip 2014/08/23 v5354 L3 Dimensions and skips
\c_zero_dim=\dimen134
\c_max_dim=\dimen135
\l_tmpa_dim=\dimen136
\l_tmpb_dim=\dimen137
\g_tmpa_dim=\dimen138
\g_tmpb_dim=\dimen139
\c_zero_skip=\skip58
\c_max_skip=\skip59
\l_tmpa_skip=\skip60
\l_tmpb_skip=\skip61
\g_tmpa_skip=\skip62
\g_tmpb_skip=\skip63
\c_zero_muskip=\muskip11
\c_max_muskip=\muskip12
\l_tmpa_muskip=\muskip13
\l_tmpb_muskip=\muskip14
\g_tmpa_muskip=\muskip15
\g_tmpb_muskip=\muskip16
L3 Module: l3keys 2015/01/27 v5500 L3 Key-value interfaces
\g__keyval_level_int=\count119
\l_keys_choice_int=\count120
L3 Module: l3fp 2014/08/22 v5336 L3 Floating points
\c__fp_leading_shift_int=\count121
\c__fp_middle_shift_int=\count122
\c__fp_trailing_shift_int=\count123
\c__fp_big_leading_shift_int=\count124
\c__fp_big_middle_shift_int=\count125
\c__fp_big_trailing_shift_int=\count126
\c__fp_Bigg_leading_shift_int=\count127
\c__fp_Bigg_middle_shift_int=\count128
\c__fp_Bigg_trailing_shift_int=\count129
L3 Module: l3box 2014/08/23 v5354 L3 Experimental boxes
\c_empty_box=\box29
\l_tmpa_box=\box30
\l_tmpb_box=\box31
\g_tmpa_box=\box32
\g_tmpb_box=\box33
L3 Module: l3coffins 2014/08/23 v5354 L3 Coffin code layer
\l__coffin_internal_box=\box34
\l__coffin_internal_dim=\dimen140
\l__coffin_offset_x_dim=\dimen141
\l__coffin_offset_y_dim=\dimen142
\l__coffin_x_dim=\dimen143
\l__coffin_y_dim=\dimen144
\l__coffin_x_prime_dim=\dimen145
\l__coffin_y_prime_dim=\dimen146
\c_empty_coffin=\box35
\l__coffin_aligned_coffin=\box36
\l__coffin_aligned_internal_coffin=\box37
\l_tmpa_coffin=\box38
\l_tmpb_coffin=\box39
\l__coffin_display_coffin=\box40
\l__coffin_display_coord_coffin=\box41
\l__coffin_display_pole_coffin=\box42
\l__coffin_display_offset_dim=\dimen147
\l__coffin_display_x_dim=\dimen148
\l__coffin_display_y_dim=\dimen149
L3 Module: l3color 2014/08/23 v5354 L3 Experimental color support
L3 Module: l3candidates 2015/03/01 v5544 L3 Experimental additions to l3kernel
\l__box_top_dim=\dimen150
\l__box_bottom_dim=\dimen151
\l__box_left_dim=\dimen152
\l__box_right_dim=\dimen153
\l__box_top_new_dim=\dimen154
\l__box_bottom_new_dim=\dimen155
\l__box_left_new_dim=\dimen156
\l__box_right_new_dim=\dimen157
\l__box_internal_box=\box43
\l__coffin_bounding_shift_dim=\dimen158
\l__coffin_left_corner_dim=\dimen159
\l__coffin_right_corner_dim=\dimen160
\l__coffin_bottom_corner_dim=\dimen161
\l__coffin_top_corner_dim=\dimen162
\l__coffin_scaled_total_height_dim=\dimen163
\l__coffin_scaled_width_dim=\dimen164
)
(/usr/local/texlive/2015/texmf-dist/tex/latex/l3kernel/l3unicode-data.def
File: l3unicode-data.def 2015/03/01 v5544 L3 Unicode data
)
(/usr/local/texlive/2015/texmf-dist/tex/latex/l3kernel/l3xdvipdfmx.def
File: l3xdvidpfmx.def 2015/03/01 v5544 L3 Experimental driver: xdvipdfmx
))
(/usr/local/texlive/2015/texmf-dist/tex/latex/l3packages/xparse/xparse.sty
Package: xparse 2014/11/25 v5471 L3 Experimental document command parser
\l__xparse_current_arg_int=\count130
\l__xparse_m_args_int=\count131
\l__xparse_mandatory_args_int=\count132
\l__xparse_processor_int=\count133
\l__xparse_v_nesting_int=\count134
)
\l_fontspec_script_int=\count135
\l_fontspec_language_int=\count136
\l_fontspec_strnum_int=\count137
\l__fontspec_tmpa_dim=\dimen165
\l__fontspec_tmpb_dim=\dimen166
\l__fontspec_tmpc_dim=\dimen167
Variant \tl_gset:cV already defined; not changing it on line 71

(/usr/local/texlive/2015/texmf-dist/tex/latex/fontspec/fontspec-patches.sty
Package: fontspec-patches 2015/03/14 v2.4c Font selection for XeLaTeX and LuaLa
TeX
LaTeX Info: Redefining \em on input line 49.
LaTeX Info: Redefining \emph on input line 57.
LaTeX Info: Redefining \- on input line 60.
.................................................
. LaTeX info: "xparse/redefine-command"
. 
. Redefining command \oldstylenums with sig. 'm' on line 155.
.................................................
.................................................
. LaTeX info: "xparse/define-command"
. 
. Defining command \liningnums with sig. 'm' on line 159.
.................................................
)
(/usr/local/texlive/2015/texmf-dist/tex/latex/fontspec/fontspec-xetex.sty
Package: fontspec-xetex 2015/03/14 v2.4c Font selection for XeLaTeX and LuaLaTe
X

(/usr/local/texlive/2015/texmf-dist/tex/latex/base/fontenc.sty
Package: fontenc 2005/09/27 v1.99g Standard LaTeX package

(/usr/local/texlive/2015/texmf-dist/tex/latex/euenc/eu1enc.def
File: eu1enc.def 2010/05/27 v0.1h Experimental Unicode font encodings
)
LaTeX Font Info:    Try loading font information for EU1+lmr on input line 105.


(/usr/local/texlive/2015/texmf-dist/tex/latex/euenc/eu1lmr.fd
File: eu1lmr.fd 2009/10/30 v1.6 Font defs for Latin Modern
))
(/usr/local/texlive/2015/texmf-dist/tex/xelatex/xunicode/xunicode.sty
File: xunicode.sty 2011/09/09 v0.981 provides access to latin accents and many 
other characters in Unicode lower plane

(/usr/local/texlive/2015/texmf-dist/tex/latex/tipa/t3enc.def
File: t3enc.def 2001/12/31 T3 encoding
LaTeX Font Info:    Try loading font information for EU1+lmss on input line 357
.

(/usr/local/texlive/2015/texmf-dist/tex/latex/euenc/eu1lmss.fd
File: eu1lmss.fd 2009/10/30 v1.6 Font defs for Latin Modern
))
\tipaTiiicode=\count138
\tipasavetokens=\toks20
\tipachecktokens=\toks21
)
.................................................
. LaTeX info: "xparse/define-command"
. 
. Defining command \__fontspec_post_arg:w with sig. 'mmO{}' on line 42.
.................................................
.................................................
. LaTeX info: "xparse/define-command"
. 
. Defining command \fontspec with sig. 'om' on line 44.
.................................................
.................................................
. LaTeX info: "xparse/define-command"
. 
. Defining command \setmainfont with sig. 'om' on line 54.
.................................................
.................................................
. LaTeX info: "xparse/define-command"
. 
. Defining command \setsansfont with sig. 'om' on line 64.
.................................................
.................................................
. LaTeX info: "xparse/define-command"
. 
. Defining command \setmonofont with sig. 'om' on line 74.
.................................................
.................................................
. LaTeX info: "xparse/define-command"
. 
. Defining command \setmathrm with sig. 'om' on line 88.
.................................................
.................................................
. LaTeX info: "xparse/define-command"
. 
. Defining command \setboldmathrm with sig. 'om' on line 96.
.................................................
.................................................
. LaTeX info: "xparse/define-command"
. 
. Defining command \setmathsf with sig. 'om' on line 104.
.................................................
.................................................
. LaTeX info: "xparse/define-command"
. 
. Defining command \setmathtt with sig. 'om' on line 112.
.................................................
.................................................
. LaTeX info: "xparse/define-command"
. 
. Defining command \newfontfamily with sig. 'mom' on line 126.
.................................................
.................................................
. LaTeX info: "xparse/define-command"
. 
. Defining command \newfontface with sig. 'mom' on line 141.
.................................................
.................................................
. LaTeX info: "xparse/define-command"
. 
. Defining command \defaultfontfeatures with sig. 't+om' on line 155.
.................................................
.................................................
. LaTeX info: "xparse/define-command"
. 
. Defining command \addfontfeatures with sig. 'm' on line 210.
.................................................
.................................................
. LaTeX info: "xparse/define-command"
. 
. Defining command \newfontfeature with sig. 'mm' on line 221.
.................................................
.................................................
. LaTeX info: "xparse/define-command"
. 
. Defining command \newAATfeature with sig. 'mmmm' on line 229.
.................................................
.................................................
. LaTeX info: "xparse/define-command"
. 
. Defining command \newopentypefeature with sig. 'mmm' on line 237.
.................................................
.................................................
. LaTeX info: "xparse/define-command"
. 
. Defining command \aliasfontfeature with sig. 'mm' on line 261.
.................................................
.................................................
. LaTeX info: "xparse/define-command"
. 
. Defining command \aliasfontfeatureoption with sig. 'mmm' on line 270.
.................................................
.................................................
. LaTeX info: "xparse/define-command"
. 
. Defining command \newfontscript with sig. 'mm' on line 275.
.................................................
.................................................
. LaTeX info: "xparse/define-command"
. 
. Defining command \newfontlanguage with sig. 'mm' on line 301.
.................................................
.................................................
. LaTeX info: "xparse/define-command"
. 
. Defining command \DeclareFontsExtensions with sig. 'm' on line 321.
.................................................
Variant \prop_gput:cnV already defined; not changing it on line 704
Variant \prop_gput:cnx already defined; not changing it on line 705
\l__fontspec_tmp_int=\count139
LaTeX Info: Redefining \itshape on input line 2232.
LaTeX Info: Redefining \slshape on input line 2237.
LaTeX Info: Redefining \scshape on input line 2242.
LaTeX Info: Redefining \upshape on input line 2247.

(/usr/local/texlive/2015/texmf-dist/tex/latex/fontspec/fontspec.cfg)))
(/usr/local/texlive/2015/texmf-dist/tex/latex/xkeyval/xkeyval.sty
Package: xkeyval 2014/12/03 v2.7a package option processing (HA)

(/usr/local/texlive/2015/texmf-dist/tex/generic/xkeyval/xkeyval.tex
(/usr/local/texlive/2015/texmf-dist/tex/generic/xkeyval/xkvutils.tex
\XKV@toks=\toks22
\XKV@tempa@toks=\toks23
)
\XKV@depth=\count140
File: xkeyval.tex 2014/12/03 v2.7a key=value parser (HA)
))
\c@eu@=\count141
\c@eu@i=\count142
\c@mkern=\count143
)
\g__file_internal_ior=\read2
\g__fontspec_family_EBGaramond_int=\count144
.................................................
. fontspec info: "no-font-shape"
. 
. Could not resolve font EB Garamond/B (it probably doesn't exist).
.................................................
.................................................
. fontspec info: "defining-font"
. 
. Font family 'EBGaramond(0)' created for font 'EB Garamond' with options
. [Numbers={Proportional}].
. 
. This font family consists of the following shapes:
. 
. * 'normal' with NFSS spec.:
. <->"EB Garamond/OT:script=latn;language=DFLT;+pnum;"
. 
. * 'small caps' with NFSS spec.:
. <->"EB Garamond/OT:script=latn;language=DFLT;+pnum;+smcp;"
. and font adjustment code:
. 
. 
. * 'italic' with NFSS spec.:
. <->"EB Garamond/I/OT:script=latn;language=DFLT;+pnum;"
. 
. * 'small caps' with NFSS spec.:
. <->"EB Garamond/I/OT:script=latn;language=DFLT;+pnum;+smcp;"
. and font adjustment code:
. 
. 
. * 'bold italic' with NFSS spec.:
. <->"EB Garamond/BI/OT:script=latn;language=DFLT;+pnum;"
. 
. * 'bold small caps' with NFSS spec.:
. <->"EB Garamond/BI/OT:script=latn;language=DFLT;+pnum;+smcp;"
. and font adjustment code:
. 
.................................................
\symDigits:m:n=\mathgroup6
\symLatin:m:n=\mathgroup7
\symLatin:m:it=\mathgroup8
\symGreek:m:n=\mathgroup9
\symGreek:m:it=\mathgroup10
.................................................
. fontspec info: "no-font-shape"
. 
. Could not resolve font EB Garamond/B (it probably doesn't exist).
.................................................
.................................................
. fontspec info: "defining-font"
. 
. Font family 'EBGaramond(1)' created for font 'EB Garamond' with options [].
. 
. This font family consists of the following shapes:
. 
. * 'normal' with NFSS spec.:
. <->"EB Garamond/OT:script=latn;language=DFLT;"
. 
. * 'small caps' with NFSS spec.:
. <->"EB Garamond/OT:script=latn;language=DFLT;+smcp;"
. and font adjustment code:
. 
. 
. * 'italic' with NFSS spec.:
. <->"EB Garamond/I/OT:script=latn;language=DFLT;"
. 
. * 'small caps' with NFSS spec.:
. <->"EB Garamond/I/OT:script=latn;language=DFLT;+smcp;"
. and font adjustment code:
. 
. 
. * 'bold italic' with NFSS spec.:
. <->"EB Garamond/BI/OT:script=latn;language=DFLT;"
. 
. * 'bold small caps' with NFSS spec.:
. <->"EB Garamond/BI/OT:script=latn;language=DFLT;+smcp;"
. and font adjustment code:
. 
.................................................
LaTeX Font Info:    Redeclaring math alphabet \mathrm on input line 83.
LaTeX Font Info:    Overwriting math alphabet `\mathrm' in version `bold'
(Font)                  EU1/EBGaramond(1)/m/n --> EU1/EBGaramond(1)/bx/n on inp
ut line 83.
LaTeX Font Info:    Redeclaring math alphabet \mathit on input line 83.
LaTeX Font Info:    Overwriting math alphabet `\mathit' in version `normal'
(Font)                  OT1/cmr/m/it --> EU1/EBGaramond(1)/m/it on input line 8
3.
LaTeX Font Info:    Overwriting math alphabet `\mathit' in version `bold'
(Font)                  OT1/cmr/bx/it --> EU1/EBGaramond(1)/m/it on input line 
83.
LaTeX Font Info:    Redeclaring math alphabet \mathbf on input line 83.
LaTeX Font Info:    Overwriting math alphabet `\mathbf' in version `normal'
(Font)                  OT1/cmr/bx/n --> EU1/EBGaramond(1)/bx/n on input line 8
3.
LaTeX Font Info:    Overwriting math alphabet `\mathbf' in version `bold'
(Font)                  OT1/cmr/bx/n --> EU1/EBGaramond(1)/bx/n on input line 8
3.
LaTeX Font Info:    Overwriting math alphabet `\mathit' in version `bold'
(Font)                  EU1/EBGaramond(1)/m/it --> EU1/EBGaramond(1)/bx/it on i
nput line 83.
\symOperators:m:n=\mathgroup11
.................................................
. fontspec info: "no-font-shape"
. 
. Could not resolve font EB Garamond/B (it probably doesn't exist).
.................................................
.................................................
. fontspec info: "defining-font"
. 
. Font family 'EBGaramond(2)' created for font 'EB Garamond' with options
. [Ligatures=TeX,Numbers=OldStyle,Ligatures={Common, TeX},Scale=1.0].
. 
. This font family consists of the following shapes:
. 
. * 'normal' with NFSS spec.:
. <->s*[1.0]"EB
. Garamond/OT:script=latn;language=DFLT;mapping=tex-text;+onum;+liga;mapping=te
x-text;"
. 
. * 'small caps' with NFSS spec.:
. <->s*[1.0]"EB
. Garamond/OT:script=latn;language=DFLT;mapping=tex-text;+onum;+liga;mapping=te
x-text;+smcp;"
. and font adjustment code:
. 
. 
. * 'italic' with NFSS spec.:
. <->s*[1.0]"EB
. Garamond/I/OT:script=latn;language=DFLT;mapping=tex-text;+onum;+liga;mapping=
tex-text;"
. 
. * 'small caps' with NFSS spec.:
. <->s*[1.0]"EB
. Garamond/I/OT:script=latn;language=DFLT;mapping=tex-text;+onum;+liga;mapping=
tex-text;+smcp;"
. and font adjustment code:
. 
. 
. * 'bold italic' with NFSS spec.:
. <->s*[1.0]"EB
. Garamond/BI/OT:script=latn;language=DFLT;mapping=tex-text;+onum;+liga;mapping
=tex-text;"
. 
. * 'bold small caps' with NFSS spec.:
. <->s*[1.0]"EB
. Garamond/BI/OT:script=latn;language=DFLT;mapping=tex-text;+onum;+liga;mapping
=tex-text;+smcp;"
. and font adjustment code:
. 
.................................................
LaTeX Font Info:    Font shape `EU1/EBGaramond(2)/m/n' will be
(Font)              scaled to size 10.0pt on input line 87.
.................................................
. fontspec info: "no-font-shape"
. 
. Could not resolve font EB Garamond/B (it probably doesn't exist).
.................................................
LaTeX Font Info:    Font shape `EU1/EBGaramond(2)/m/n' will be
(Font)              scaled to size 12.0pt on input line 88.
.................................................
. fontspec info: "defining-font"
. 
. Font family 'EBGaramond(3)' created for font 'EB Garamond' with options
. [RawFeature={+c2sc,+scmp}].
. 
. This font family consists of the following shapes:
. 
. * 'normal' with NFSS spec.:
. <->"EB Garamond/OT:script=latn;language=DFLT;+c2sc,+scmp;"
. 
. * 'small caps' with NFSS spec.:
. <->"EB Garamond/OT:script=latn;language=DFLT;+c2sc,+scmp;+smcp;"
. and font adjustment code:
. 
. 
. * 'italic' with NFSS spec.:
. <->"EB Garamond/I/OT:script=latn;language=DFLT;+c2sc,+scmp;"
. 
. * 'small caps' with NFSS spec.:
. <->"EB Garamond/I/OT:script=latn;language=DFLT;+c2sc,+scmp;+smcp;"
. and font adjustment code:
. 
. 
. * 'bold italic' with NFSS spec.:
. <->"EB Garamond/BI/OT:script=latn;language=DFLT;+c2sc,+scmp;"
. 
. * 'bold small caps' with NFSS spec.:
. <->"EB Garamond/BI/OT:script=latn;language=DFLT;+c2sc,+scmp;+smcp;"
. and font adjustment code:
. 
.................................................
.................................................
. fontspec info: "set-scale"
. 
. Lato Regular scale = 0.8094776164367054.
.................................................
\g__fontspec_family_LatoRegular_int=\count145
.................................................
. fontspec info: "set-scale"
. 
. Lato Regular scale = 0.8094776164367054.
.................................................
.................................................
. fontspec info: "set-scale"
. 
. Lato Bold scale = 0.7992207019631172.
.................................................
.................................................
. fontspec info: "set-scale"
. 
. Lato Regular/I scale = 0.8094776164367054.
.................................................
.................................................
. fontspec info: "set-scale"
. 
. Lato Bold/I scale = 0.7992207019631172.
.................................................
.................................................
. fontspec info: "defining-font"
. 
. Font family 'LatoRegular(0)' created for font 'Lato Regular' with options
. [Ligatures=TeX,Scale=MatchLowercase,BoldFont={Lato Bold}].
. 
. This font family consists of the following shapes:
. 
. * 'normal' with NFSS spec.:
. <->s*[0.8094776164367054]"Lato
. Regular/OT:script=latn;language=DFLT;mapping=tex-text;"
. 
. * 'small caps' with NFSS spec.:
. 
. and font adjustment code:
. 
. 
. * 'bold' with NFSS spec.:
. <->s*[0.7992207019631172]"Lato
. Bold/OT:script=latn;language=DFLT;mapping=tex-text;"
. 
. * 'bold small caps' with NFSS spec.:
. 
. and font adjustment code:
. 
. 
. * 'italic' with NFSS spec.:
. <->s*[0.8094776164367054]"Lato
. Regular/I/OT:script=latn;language=DFLT;mapping=tex-text;"
. 
. * 'small caps' with NFSS spec.:
. 
. and font adjustment code:
. 
. 
. * 'bold italic' with NFSS spec.:
. <->s*[0.7992207019631172]"Lato
. Bold/I/OT:script=latn;language=DFLT;mapping=tex-text;"
. 
. * 'bold small caps' with NFSS spec.:
. 
. and font adjustment code:
. 
.................................................
.................................................
. fontspec info: "set-scale"
. 
. Source Code Pro scale = 0.8541673951674175.
.................................................
\g__fontspec_family_SourceCodePro_int=\count146
.................................................
. fontspec info: "no-font-shape"
. 
. Could not resolve font Source Code Pro/I (it probably doesn't exist).
.................................................
.................................................
. fontspec info: "set-scale"
. 
. Source Code Pro scale = 0.8541673951674175.
.................................................
.................................................
. fontspec info: "set-scale"
. 
. Source Code Pro/B scale = 0.8541673951674175.
.................................................
.................................................
. fontspec info: "set-scale"
. 
. Source Code Pro/BI scale = 0.8541673951674175.
.................................................
.................................................
. fontspec info: "defining-font"
. 
. Font family 'SourceCodePro(0)' created for font 'Source Code Pro' with
. options [WordSpace={1,0,0},PunctuationSpace=WordSpace,Scale=MatchLowercase].
. 
. This font family consists of the following shapes:
. 
. * 'normal' with NFSS spec.:
. <->s*[0.8541673951674175]"Source Code Pro/OT:script=latn;language=DFLT;"
. 
. * 'small caps' with NFSS spec.:
. 
. and font adjustment code:
. \fontdimen 2\font =1\fontdimen 2\font \fontdimen 3\font =0\fontdimen 3\font
. \fontdimen 4\font =0\fontdimen 4\font \fontdimen 7\font =0\fontdimen 2\font 
. 
. * 'bold' with NFSS spec.:
. <->s*[0.8541673951674175]"Source Code Pro/B/OT:script=latn;language=DFLT;"
. 
. * 'bold small caps' with NFSS spec.:
. 
. and font adjustment code:
. \fontdimen 2\font =1\fontdimen 2\font \fontdimen 3\font =0\fontdimen 3\font
. \fontdimen 4\font =0\fontdimen 4\font \fontdimen 7\font =0\fontdimen 2\font 
. 
. * 'bold italic' with NFSS spec.:
. <->s*[0.8541673951674175]"Source Code Pro/BI/OT:script=latn;language=DFLT;"
. 
. * 'bold small caps' with NFSS spec.:
. 
. and font adjustment code:
. \fontdimen 2\font =1\fontdimen 2\font \fontdimen 3\font =0\fontdimen 3\font
. \fontdimen 4\font =0\fontdimen 4\font \fontdimen 7\font =0\fontdimen 2\font 
.................................................

(/usr/local/texlive/2015/texmf-dist/tex/latex/caption/caption.sty
Package: caption 2013/05/02 v3.3-89 Customizing captions (AR)

(/usr/local/texlive/2015/texmf-dist/tex/latex/caption/caption3.sty
Package: caption3 2013/05/02 v1.6-88 caption3 kernel (AR)
Package caption3 Info: TeX engine: e-TeX on input line 57.
\captionmargin=\dimen168
\captionmargin@=\dimen169
\captionwidth=\dimen170
\caption@tempdima=\dimen171
\caption@indent=\dimen172
\caption@parindent=\dimen173
\caption@hangindent=\dimen174
)
Package caption Info: We need package `newfloat' on input line 293.

(/usr/local/texlive/2015/texmf-dist/tex/latex/caption/newfloat.sty
Package: newfloat 2013/05/11 v1.1-91 Defining new floating environments (AR)
)
\c@ContinuedFloat=\count147
Package caption Info: hyperref package is loaded.
)
(/usr/local/texlive/2015/texmf-dist/tex/latex/fancyhdr/fancyhdr.sty
\fancy@headwidth=\skip64
\f@ncyO@elh=\skip65
\f@ncyO@erh=\skip66
\f@ncyO@olh=\skip67
\f@ncyO@orh=\skip68
\f@ncyO@elf=\skip69
\f@ncyO@erf=\skip70
\f@ncyO@olf=\skip71
\f@ncyO@orf=\skip72
)
(/usr/local/texlive/2015/texmf-dist/tex/latex/titlesec/titlesec.sty
Package: titlesec 2011/12/15 v2.10.0 Sectioning titles
\ttl@box=\box44
\beforetitleunit=\skip73
\aftertitleunit=\skip74
\ttl@plus=\dimen175
\ttl@minus=\dimen176
\ttl@toksa=\toks24
\titlewidth=\dimen177
\titlewidthlast=\dimen178
\titlewidthfirst=\dimen179
)
(/usr/local/texlive/2015/texmf-dist/tex/latex/titling/titling.sty
Package: titling 2009/09/04 v2.1d maketitle typesetting
\thanksmarkwidth=\skip75
\thanksmargin=\skip76
\droptitle=\skip77
)
(/usr/local/texlive/2015/texmf-dist/tex/latex/tocloft/tocloft.sty
Package: tocloft 2013/05/02 v2.3f parameterised ToC, etc., typesetting
Package tocloft Info: The document has chapter divisions on input line 44.
\cftparskip=\skip78
\cftbeforetoctitleskip=\skip79
\cftaftertoctitleskip=\skip80
\cftbeforepartskip=\skip81
\cftpartnumwidth=\skip82
\cftpartindent=\skip83
\cftbeforechapskip=\skip84
\cftchapindent=\skip85
\cftchapnumwidth=\skip86
\cftbeforesecskip=\skip87
\cftsecindent=\skip88
\cftsecnumwidth=\skip89
\cftbeforesubsecskip=\skip90
\cftsubsecindent=\skip91
\cftsubsecnumwidth=\skip92
\cftbeforesubsubsecskip=\skip93
\cftsubsubsecindent=\skip94
\cftsubsubsecnumwidth=\skip95
\cftbeforeparaskip=\skip96
\cftparaindent=\skip97
\cftparanumwidth=\skip98
\cftbeforesubparaskip=\skip99
\cftsubparaindent=\skip100
\cftsubparanumwidth=\skip101
\cftbeforeloftitleskip=\skip102
\cftafterloftitleskip=\skip103
\cftbeforefigskip=\skip104
\cftfigindent=\skip105
\cftfignumwidth=\skip106
\c@lofdepth=\count148
\c@lotdepth=\count149
\cftbeforelottitleskip=\skip107
\cftafterlottitleskip=\skip108
\cftbeforetabskip=\skip109
\cfttabindent=\skip110
\cfttabnumwidth=\skip111
)
(/usr/local/texlive/2015/texmf-dist/tex/latex/appendix/appendix.sty
Package: appendix 2009/09/02 v1.2b extra appendix facilities
\c@@pps=\count150
\c@@ppsavesec=\count151
\c@@ppsaveapp=\count152
)
(/usr/local/texlive/2015/texmf-dist/tex/latex/natbib/natbib.sty
Package: natbib 2010/09/13 8.31b (PWD, AO)
\bibhang=\skip112
\bibsep=\skip113
LaTeX Info: Redefining \cite on input line 694.
\c@NAT@ctr=\count153
)
(/usr/local/texlive/2015/texmf-dist/tex/latex/quotchap/quotchap.sty
Package: quotchap 2012/10/20 v1.1 Decorative Chapter Headings with Quotes
\@quotebox=\box45
)
\mybibindent=\skip114
Package hyperref Info: Option `colorlinks' set `true' on input line 196.
)
(./latex/atlasunit.sty) (./latex/Xhh4b-defs.sty)
(/usr/local/texlive/2015/texmf-dist/tex/latex/booktabs/booktabs.sty
Package: booktabs 2005/04/14 v1.61803 publication quality tables
\heavyrulewidth=\dimen180
\lightrulewidth=\dimen181
\cmidrulewidth=\dimen182
\belowrulesep=\dimen183
\belowbottomsep=\dimen184
\aboverulesep=\dimen185
\abovetopsep=\dimen186
\cmidrulesep=\dimen187
\cmidrulekern=\dimen188
\defaultaddspace=\dimen189
\@cmidla=\count154
\@cmidlb=\count155
\@aboverulesep=\dimen190
\@belowrulesep=\dimen191
\@thisruleclass=\count156
\@lastruleclass=\count157
\@thisrulewidth=\dimen192
)
(/usr/local/texlive/2015/texmf-dist/tex/latex/tools/xspace.sty
Package: xspace 2014/10/28 v1.13 Space after command names (DPC,MH)
)
(/usr/local/texlive/2015/texmf-dist/tex/latex/rotating/rotating.sty
Package: rotating 2009/03/28 v2.16a rotated objects in LaTeX

(/usr/local/texlive/2015/texmf-dist/tex/latex/base/ifthen.sty
Package: ifthen 2014/09/29 v1.1c Standard LaTeX ifthen package (DPC)
)
\c@r@tfl@t=\count158
\rotFPtop=\skip115
\rotFPbot=\skip116
\rot@float@box=\box46
\rot@mess@toks=\toks25
)
(/usr/local/texlive/2015/texmf-dist/tex/latex/caption/subcaption.sty
Package: subcaption 2013/02/03 v1.1-62 Sub-captions (AR)
\c@subfigure=\count159
\c@subtable=\count160
)
(./dissertation.aux (./chapters/introduction.aux) (./chapters/chapter1.aux)
(./chapters/chapter2.aux) (./chapters/chapter3.aux) (./chapters/chapter4.aux)
(./chapters/chapter5.aux) (./chapters/chapter6.aux) (./chapters/conclusion.aux)
)
\openout1 = `dissertation.aux'.

LaTeX Font Info:    Checking defaults for OML/cmm/m/it on input line 21.
LaTeX Font Info:    ... okay on input line 21.
LaTeX Font Info:    Checking defaults for T1/cmr/m/n on input line 21.
LaTeX Font Info:    ... okay on input line 21.
LaTeX Font Info:    Checking defaults for OT1/cmr/m/n on input line 21.
LaTeX Font Info:    ... okay on input line 21.
LaTeX Font Info:    Checking defaults for OMS/cmsy/m/n on input line 21.
LaTeX Font Info:    ... okay on input line 21.
LaTeX Font Info:    Checking defaults for OMX/cmex/m/n on input line 21.
LaTeX Font Info:    ... okay on input line 21.
LaTeX Font Info:    Checking defaults for U/cmr/m/n on input line 21.
LaTeX Font Info:    ... okay on input line 21.
LaTeX Font Info:    Checking defaults for PD1/pdf/m/n on input line 21.
LaTeX Font Info:    ... okay on input line 21.
LaTeX Font Info:    Checking defaults for PU/pdf/m/n on input line 21.
LaTeX Font Info:    ... okay on input line 21.
LaTeX Font Info:    Checking defaults for EU1/lmr/m/n on input line 21.
LaTeX Font Info:    ... okay on input line 21.
LaTeX Font Info:    Checking defaults for T3/cmr/m/n on input line 21.
LaTeX Font Info:    Try loading font information for T3+cmr on input line 21.
 (/usr/local/texlive/2015/texmf-dist/tex/latex/tipa/t3cmr.fd
File: t3cmr.fd 2001/12/31 TIPA font definitions
)
LaTeX Font Info:    ... okay on input line 21.

*geometry* driver: auto-detecting
*geometry* detected driver: xetex
*geometry* verbose mode - [ preamble ] result:
* driver: xetex
* paper: letterpaper
* layout: <same size as paper>
* layoutoffset:(h,v)=(0.0pt,0.0pt)
* modes: 
* h-part:(L,W,R)=(99.37125pt, 415.55249pt, 99.37126pt)
* v-part:(T,H,B)=(95.39737pt, 556.47656pt, 143.09605pt)
* \paperwidth=614.295pt
* \paperheight=794.96999pt
* \textwidth=415.55249pt
* \textheight=556.47656pt
* \oddsidemargin=27.10126pt
* \evensidemargin=27.10126pt
* \topmargin=-8.74641pt
* \headheight=15.0pt
* \headsep=19.8738pt
* \topskip=12.0pt
* \footskip=30.0pt
* \marginparwidth=47.0pt
* \marginparsep=7.0pt
* \columnsep=10.0pt
* \skip\footins=10.8pt plus 4.0pt minus 2.0pt
* \hoffset=0.0pt
* \voffset=0.0pt
* \mag=1000
* \@twocolumnfalse
* \@twosidefalse
* \@mparswitchfalse
* \@reversemarginfalse
* (1in=72.27pt=25.4mm, 1cm=28.453pt)

ABD: EverySelectfont initializing macros
LaTeX Info: Redefining \selectfont on input line 21.
\AtBeginShipoutBox=\box47
Package hyperref Info: Link coloring ON on input line 21.

(/usr/local/texlive/2015/texmf-dist/tex/latex/hyperref/nameref.sty
Package: nameref 2012/10/27 v2.43 Cross-referencing by name of section

(/usr/local/texlive/2015/texmf-dist/tex/generic/oberdiek/gettitlestring.sty
Package: gettitlestring 2010/12/03 v1.4 Cleanup title references (HO)
)
\c@section@level=\count161
)
LaTeX Info: Redefining \ref on input line 21.
LaTeX Info: Redefining \pageref on input line 21.
LaTeX Info: Redefining \nameref on input line 21.

(./dissertation.out) (./dissertation.out)
\@outlinefile=\write3
\openout3 = `dissertation.out'.

Package caption Info: Begin \AtBeginDocument code.
Package caption Info: rotating package is loaded.
Package caption Info: End \AtBeginDocument code.
Package caption Info: We need package `ragged2e' on input line 21.
 (./frontmatter/personalize.tex)
LaTeX Font Info:    Font shape `EU1/EBGaramond(2)/m/n' will be
(Font)              scaled to size 24.88pt on input line 25.
LaTeX Font Info:    Try loading font information for U+msa on input line 25.

(/usr/local/texlive/2015/texmf-dist/tex/latex/amsfonts/umsa.fd
File: umsa.fd 2013/01/14 v3.01 AMS symbols A
)
LaTeX Font Info:    Try loading font information for U+msb on input line 25.

(/usr/local/texlive/2015/texmf-dist/tex/latex/amsfonts/umsb.fd
File: umsb.fd 2013/01/14 v3.01 AMS symbols B
)
LaTeX Font Info:    Font shape `EU1/EBGaramond(2)/m/sc' will be
(Font)              scaled to size 12.0pt on input line 25.

(/usr/local/texlive/2015/texmf-dist/tex/generic/oberdiek/se-ascii-print.def
File: se-ascii-print.def 2011/12/02 v1.10 stringenc: Printable ASCII characters

)
[1

]
LaTeX Font Info:    Font shape `EU1/EBGaramond(2)/m/sc' will be
(Font)              scaled to size 10.95pt on input line 26.
LaTeX Font Info:    Font shape `EU1/EBGaramond(2)/m/n' will be
(Font)              scaled to size 10.95pt on input line 26.
 [2]
LaTeX Font Info:    Font shape `EU1/EBGaramond(2)/m/n' will be
(Font)              scaled to size 17.28pt on input line 28.
 (./frontmatter/abstract.tex) [3]
LaTeX Font Info:    Try loading font information for T1+ppl on input line 29.

(/usr/local/texlive/2015/texmf-dist/tex/latex/psnfss/t1ppl.fd
File: t1ppl.fd 2001/06/04 font definitions for T1/ppl.
)
(./dissertation.toc

LaTeX Font Warning: Font shape `EU1/EBGaramond(2)/bx/n' undefined
(Font)              using `EU1/EBGaramond(2)/m/n' instead on input line 1.

LaTeX Font Info:    Font shape `EU1/EBGaramond(2)/bx/n' will be
(Font)              scaled to size 10.95pt on input line 1.
[4

])
\tf@toc=\write4
\openout4 = `dissertation.toc'.

 [5] (./dissertation.lof
LaTeX Font Info:    Font shape `EU1/EBGaramond(2)/m/n' will be
(Font)              scaled to size 8.0pt on input line 3.

Overfull \hbox (7.79584pt too wide) in paragraph at lines 3--3
 [][] [][][]\EU1/EBGaramond(2)/bx/n/10.95 Fermions and bosons of the Standard M
odel and their properties$[]$, where all the values 
 []

LaTeX Font Info:    Font shape `EU1/SourceCodePro(0)/m/n' will be
(Font)              scaled to size 9.35316pt on input line 4.

LaTeX Font Warning: Font shape `EU1/SourceCodePro(0)/m/it' undefined
(Font)              using `EU1/SourceCodePro(0)/m/n' instead on input line 4.

LaTeX Font Info:    Font shape `EU1/EBGaramond(2)/m/n' will be
(Font)              scaled to size 6.0pt on input line 4.

Overfull \hbox (11.57765pt too wide) in paragraph at lines 4--4
 [][] [][][]\EU1/EBGaramond(2)/bx/n/10.95 Leading order Feynman diagrams contri
buting to di-Higgs production via gluon-gluon 
 []


Overfull \hbox (5.29234pt too wide) in paragraph at lines 4--4
 \EU1/EBGaramond(2)/bx/n/10.95 fusion, through the Higgs-fermion Yukawa interac
tions 1.2a and the Higgs boson self- 
 []


Overfull \hbox (9.75995pt too wide) in paragraph at lines 6--6
 [][] [][][]\EU1/EBGaramond(2)/bx/n/10.95 Total cross sections (y-axis) at the 
NLO in QCD for the six largest di-Higgs production 
 []


Overfull \hbox (13.6545pt too wide) in paragraph at lines 6--6
 \EU1/EBGaramond(2)/bx/n/10.95 channels at p-p colliders at different energy (x
-axis). Gluon-gluon fusion, VBF, top-pair, 
 []


Overfull \hbox (9.93616pt too wide) in paragraph at lines 6--6
 [][]$\EU1/EBGaramond(2)/bx/n/10.95 , $[]$ and single-top associated di-Higgs p
roductions are shown. The thickness of the 
 []


Overfull \hbox (16.14014pt too wide) in paragraph at lines 7--7
 [][] [][][]\EU1/EBGaramond(2)/bx/n/10.95 BSM Higgs boson pair production: non-
resonant production proceeds through changes 
 []


Overfull \hbox (4.77774pt too wide) in paragraph at lines 7--7
 \EU1/EBGaramond(2)/bx/n/10.95 in the SM Higgs couplings in 1.5a and 1.5b, reso
nant production proceeds through 1.5c 
 []


Overfull \hbox (12.22371pt too wide) in paragraph at lines 8--8
 [][] [][][]\EU1/EBGaramond(2)/bx/n/10.95 Total cross sections (y-axis) at the 
LO and NLO in QCD for di-Higgs production chan- 
 []


Overfull \hbox (1.6642pt too wide) in paragraph at lines 8--8
 \EU1/EBGaramond(2)/bx/n/10.95 nels, at the $[] \OT1/cmr/m/n/10.95 = [][]$ \EU1
/EBGaramond(2)/bx/n/10.95 TeV LHC as a function of the self-interaction couplin
g $[]$ (x-axis) 
 []


Overfull \hbox (2.64972pt too wide) in paragraph at lines 8--8
 \EU1/EBGaramond(2)/bx/n/10.95 . The dashed (solid) lines and light- (dark-) co
lor bands correspond to the LO (NLO) 
 []


Overfull \hbox (14.62904pt too wide) in paragraph at lines 8--8
 \EU1/EBGaramond(2)/bx/n/10.95 results and to the scale and PDF uncertainties a
dded linearly. The SM values of the cross 
 []


Overfull \hbox (5.07266pt too wide) in paragraph at lines 9--9
 [][] [][][]\EU1/EBGaramond(2)/bx/n/10.95 Parton luminosity ratios as a functio
n of resonance mass $[][]$ for $[][]\OML/cmm/m/it/10.95 =[]$ \EU1/EBGaramond(2)
/bx/n/10.95 TeV$[]$. $[]$, $[]$, and $[]$ 
 []


Overfull \hbox (1.35857pt too wide) in paragraph at lines 9--9
 \EU1/EBGaramond(2)/bx/n/10.95 TeV$[][]$ ratios are indicated by red lines. For
 a $[]$ TeV$[]$, the luminosity ratio is almost 10.[][] []  
 []


Overfull \hbox (10.07384pt too wide) in paragraph at lines 10--10
 [][] [][][]\EU1/EBGaramond(2)/bx/n/10.95 Summary of di-Higgs final states and 
their ratios. Top left, $[][][][]$, has the largest branch- 
 []


Overfull \hbox (13.93596pt too wide) in paragraph at lines 11--11
 \EU1/EBGaramond(2)/bx/n/10.95 searches in Higgs boson pair to $[][][][][][]$ ,
 $[][][][][][]$ , $[][][][]$ , and $[][][][]$  final states. The 
 []


Overfull \hbox (0.25171pt too wide) in paragraph at lines 11--11
 \EU1/EBGaramond(2)/bx/n/10.95 expected limits from individual searches are als
o shown. The green and yellow bands 
 []


Overfull \hbox (21.64316pt too wide) in paragraph at lines 11--11
 \EU1/EBGaramond(2)/bx/n/10.95 represent $\OMS/cmsy/m/n/10.95 ^^F[][]$ \EU1/EBG
aramond(2)/bx/n/10.95 and $\OMS/cmsy/m/n/10.95 ^^F[][]$ \EU1/EBGaramond(2)/bx/n
/10.95 uncertainty ranges of the expected combined limits. The improve- 
 []

[6

]
Overfull \hbox (14.35959pt too wide) in paragraph at lines 14--14
 [][] [][][]\EU1/EBGaramond(2)/bx/n/10.95 A schematic view of the LHC ring$[]$.
 LINAC2, Booster, PS, SPS, and LHC accelerate the 
 []


Overfull \hbox (15.96495pt too wide) in paragraph at lines 14--14
 \EU1/EBGaramond(2)/bx/n/10.95 protons in order. Four main experiments are loca
ted at interaction points along the ring. 
 []


Overfull \hbox (8.35834pt too wide) in paragraph at lines 14--14
 \EU1/EBGaramond(2)/bx/n/10.95 ATLAS and CMS are general purpose experiments, w
hile ALICE focuses on heavy ion 
 []


Overfull \hbox (9.9023pt too wide) in paragraph at lines 15--15
 [][] [][][]\EU1/EBGaramond(2)/bx/n/10.95 The luminosity-weighted distribution 
of the mean number of interactions per crossing 
 []


Overfull \hbox (4.60979pt too wide) in paragraph at lines 19--19
 [][] [][][]\EU1/EBGaramond(2)/bx/n/10.95 Cumulative luminosity vs. time delive
red to (green) and recorded by ATLAS (yellow) 
 []


Overfull \hbox (13.6472pt too wide) in paragraph at lines 22--22
 [][] [][][]\EU1/EBGaramond(2)/bx/n/10.95 Uncalibrated (dashed line) and calibr
ated (solid line) reconstructed jet mass distribution 
 []


Overfull \hbox (9.63992pt too wide) in paragraph at lines 22--22
 \EU1/EBGaramond(2)/bx/n/10.95 3.2a, and the jet mass resolution vs jet $[][]$ 
3.2b for calorimeter-based jet mass, $[][]$ (red), 
 []


Overfull \hbox (4.52715pt too wide) in paragraph at lines 22--22
 \EU1/EBGaramond(2)/bx/n/10.95 track-assisted jet mass $[][]$ (black) and the i
nvariant mass of four-vector sum of tracks 
 []

LaTeX Font Info:    Font shape `EU1/EBGaramond(2)/m/it' will be
(Font)              scaled to size 10.95pt on input line 23.

Overfull \hbox (1.83217pt too wide) in paragraph at lines 23--23
 [][] [][][]\EU1/EBGaramond(2)/bx/n/10.95 Secondary vertex reconstruction rate 
and \EU1/EBGaramond(2)/m/it/10.95 MV2c10 \EU1/EBGaramond(2)/bx/n/10.95 output f
or b-jets (solid blue), c-jets 
 []


Underfull \hbox (badness 10000) in paragraph at lines 24--24
 [][] [][][]$[]$\EU1/EBGaramond(2)/bx/n/10.95 -jet efficiency for the fixed cut
 working point with a $[]$-jet efficiency of 77% as a func- 
 []


Overfull \hbox (19.12408pt too wide) in paragraph at lines 24--24
 \EU1/EBGaramond(2)/bx/n/10.95 tion of the jet $[][]$  for the comparison betwe
en the \EU1/EBGaramond(2)/m/it/10.95 MV2c10 $[]$\EU1/EBGaramond(2)/bx/n/10.95 -
tagging algorithm employed 
 []


Overfull \hbox (10.9973pt too wide) in paragraph at lines 24--24
 \EU1/EBGaramond(2)/bx/n/10.95 for the 2016 analyses (2016 config) and the prev
ious version of the tagger, \EU1/EBGaramond(2)/m/it/10.95 MV2c20 \EU1/EBGaramon
d(2)/bx/n/10.95 (2015 
 []


Overfull \hbox (8.00987pt too wide) in paragraph at lines 25--25
 [][] [][][]\EU1/EBGaramond(2)/bx/n/10.95 Light-flavour jet and $[]$-jet reject
ion as a function of jet $[][]$  for the previous (2015 config) 
 []


Overfull \hbox (4.76308pt too wide) in paragraph at lines 25--25
 \EU1/EBGaramond(2)/m/it/10.95 MV2c20 \EU1/EBGaramond(2)/bx/n/10.95 and the cur
rent \EU1/EBGaramond(2)/m/it/10.95 MV2c10 \EU1/EBGaramond(2)/bx/n/10.95 configu
ration (2016 config). A fixed cut at 77% $[]$-jet 
 []

[7]
Overfull \hbox (7.67584pt too wide) in paragraph at lines 28--28
 [][] [][][]\EU1/EBGaramond(2)/bx/n/10.95 2015 ATLAS boosted di-Higgs event can
didates event display. The data is taken in run 
 []


Overfull \hbox (12.45004pt too wide) in paragraph at lines 28--28
 \EU1/EBGaramond(2)/bx/n/10.95 282712, lumiblock 503 and has event number 59566
1746. ID is in grey, ECAL is in green, 
 []


Overfull \hbox (13.99823pt too wide) in paragraph at lines 28--28
 \EU1/EBGaramond(2)/bx/n/10.95 HCAL is in red and MS is in blue. Only tracks wi
th $[][]$$\OML/cmm/m/it/10.95 > [][]$ \EU1/EBGaramond(2)/bx/n/10.95 GeVare show
n. Jets are gray 
 []


Overfull \hbox (16.57088pt too wide) in paragraph at lines 28--28
 \EU1/EBGaramond(2)/bx/n/10.95 cones, and ID tracks are colored lines in the ID
. There are $[][]$ tagged tracks within in each 
 []


Overfull \hbox (1.61127pt too wide) in paragraph at lines 28--28
 \EU1/EBGaramond(2)/bx/n/10.95 of the large-$[]$ jets. The one large-$[]$ jet h
as $[][][]$ GeVmass and $[][][]$ GeV$[][]$, and the other 
 []


Overfull \hbox (0.19632pt too wide) in paragraph at lines 28--28
 \EU1/EBGaramond(2)/bx/n/10.95 one has $[][][]$ GeVmass and $[][][]$ GeV$[][]$.
 The $[][]$ between the two large-$[]$ jet is $[]\OML/cmm/m/it/10.95 :[][]$ \EU
1/EBGaramond(2)/bx/n/10.95 and 
 []


Overfull \hbox (1.52556pt too wide) in paragraph at lines 29--29
 [][] [][][]\EU1/EBGaramond(2)/bx/n/10.95 Different trigger efficiencies as a f
unction of the signal resonance mass with respect to 
 []


Overfull \hbox (7.14291pt too wide) in paragraph at lines 29--29
 \EU1/EBGaramond(2)/bx/n/10.95 all events with no selection (left) and with res
pect to events passing the two large-$[]$ jets 
 []


Overfull \hbox (7.56868pt too wide) in paragraph at lines 29--29
 [][]$$\OML/cmm/m/it/10.95 > [][][]$ \EU1/EBGaramond(2)/bx/n/10.95 GeV  and lea
ding/subleading jet $[][]$$\OML/cmm/m/it/10.95 > [][][]$ \EU1/EBGaramond(2)/bx/
n/10.95 GeV(right). For $[]\OML/cmm/m/it/10.95 :[]$ \EU1/EBGaramond(2)/bx/n/10.
95 TeV  signal, the 
 []


Overfull \hbox (10.54834pt too wide) in paragraph at lines 30--30
 [][] [][][]\EU1/EBGaramond(2)/bx/n/10.95 Large-$[]$ jet trigger efficiencies, 
defined as the fraction of events fired trigger with a given 
 []


Overfull \hbox (11.76613pt too wide) in paragraph at lines 30--30
 \EU1/EBGaramond(2)/bx/n/10.95 highest large-$[]$ jet $[][]$, measured in 2015 
Data (\EU1/SourceCodePro(0)/m/it/10.95 HLT_j360_a10_lcw\EU1/EBGaramond(2)/bx/n/
10.95 , left) and 2016 Data 
 []


Overfull \hbox (13.96907pt too wide) in paragraph at lines 31--31
 [][] [][][]\EU1/EBGaramond(2)/bx/n/10.95 Percentages of truth Higgs to large-$
[]$ jet $[][] \OML/cmm/m/it/10.95 < []:[]$ \EU1/EBGaramond(2)/bx/n/10.95 matchi
ng as a function of $[][]$  mass. 
 []


Overfull \hbox (6.77058pt too wide) in paragraph at lines 32--32
 [][] [][][]\EU1/EBGaramond(2)/bx/n/10.95 Normalized $[][]$ between the truth H
iggs (leading on left, subleading on right) and the 
 []


Overfull \hbox (10.20955pt too wide) in paragraph at lines 32--32
 \EU1/EBGaramond(2)/bx/n/10.95 truth children $[]$-quarks for $[][]$  MCs. Line
s are drawn at $[][] \OT1/cmr/m/n/10.95 = []\OML/cmm/m/it/10.95 :[]$ \EU1/EBGar
amond(2)/bx/n/10.95 ($[]$ of small-$[]$ jets) 
 []


Overfull \hbox (7.69156pt too wide) in paragraph at lines 33--33
 [][] [][][]\EU1/EBGaramond(2)/bx/n/10.95 Percentage of $[][] \OML/cmm/m/it/10.
95 < []:[]$ \EU1/EBGaramond(2)/bx/n/10.95 matching truth $[]$s to track jets (
leading Higgs on the left, sub- 
 []


Overfull \hbox (12.06992pt too wide) in paragraph at lines 33--33
 \EU1/EBGaramond(2)/bx/n/10.95 leading Higgs on the right) for different $[][]$
  mass. The cases listed in the legend are or- 
 []


Overfull \hbox (5.12447pt too wide) in paragraph at lines 33--33
 \EU1/EBGaramond(2)/bx/n/10.95 thogonal to each other. The cases not listed on 
the legend (including when a truth $[]$ is 
 []


Overfull \hbox (33.23022pt too wide) in paragraph at lines 33--33
 \EU1/EBGaramond(2)/bx/n/10.95 not contained in the large-$[]$ jet) happen in t
otal at most $[]\OML/cmm/m/it/10.95 :[]\OT1/cmr/m/n/10.95 %$ \EU1/EBGaramond(2)
/bx/n/10.95 of the time for a given $[][]$  mass.[][] []  
 []


Overfull \hbox (6.67151pt too wide) in paragraph at lines 34--34
 [][] [][][]\EU1/EBGaramond(2)/bx/n/10.95 Kinematics of $[]$ TeV  $[][]$  befor
e and after muon-in-jet corrections. The reconstructed 
 []


Overfull \hbox (7.41656pt too wide) in paragraph at lines 34--34
 \EU1/EBGaramond(2)/bx/n/10.95 closer to $[][][]$ GeVafter the correction, whic
h improves the signal efficiency for the signal 
 []


Overfull \hbox (5.5821pt too wide) in paragraph at lines 34--34
 \EU1/EBGaramond(2)/bx/n/10.95 region selection by $\OMS/cmsy/m/n/10.95 ^^X  []
[]\OT1/cmr/m/n/10.95 %$ \EU1/EBGaramond(2)/bx/n/10.95 (bottom row, left for $[]
[]$, right for event distribution differ- 
 []


Overfull \hbox (1.23315pt too wide) in paragraph at lines 35--35
 [][] [][][]\EU1/EBGaramond(2)/bx/n/10.95 After large-$[]$ jet requirements, no
rmalized $[][][]$ distribution in $[]\OML/cmm/m/it/10.95 :[]$ \EU1/EBGaramond(2
)/bx/n/10.95 TeV$[][]$  and data, 
 []


Overfull \hbox (22.74666pt too wide) in paragraph at lines 35--35
 \EU1/EBGaramond(2)/bx/n/10.95 where the data consists of mostly multijet event
s (> 90$\OT1/cmr/m/n/10.95 %$\EU1/EBGaramond(2)/bx/n/10.95 ). The background mu
ltijet event 
 []

[8]
Overfull \hbox (3.71191pt too wide) in paragraph at lines 36--36
 [][] [][][]\EU1/EBGaramond(2)/bx/n/10.95 Event display of the same event using
  5.9a resolved and  5.9b boosted topologies. The 
 []


Overfull \hbox (1.24pt too wide) in paragraph at lines 36--36
 \EU1/EBGaramond(2)/bx/n/10.95 resolved reconstruction gives a $[][]$ of $[][][
]$ GeV , and the boosted reconstruction gives 
 []


Overfull \hbox (12.7468pt too wide) in paragraph at lines 37--37
 \EU1/EBGaramond(2)/bx/n/10.95 mass and subleading Higgs candidate mass, for $[
]\OML/cmm/m/it/10.95 :[]$ \EU1/EBGaramond(2)/bx/n/10.95 TeV (left) signal and $
[]$ TeV (right) sig- 
 []


Overfull \hbox (2.93445pt too wide) in paragraph at lines 37--37
 \EU1/EBGaramond(2)/bx/n/10.95 nal samples. The red dotted line in the center c
orrespond to the signal region, passing 
 []


Overfull \hbox (8.50069pt too wide) in paragraph at lines 38--38
 [][] [][][]\EU1/EBGaramond(2)/bx/n/10.95 Signal fraction in different $[]$-tag
 categories (left) and detailed fraction in different num- 
 []


Overfull \hbox (16.19856pt too wide) in paragraph at lines 38--38
 \EU1/EBGaramond(2)/bx/n/10.95 ber of track jet and $[]$-tag categories (right)
 as a function of signal resonance mass hypoth- 
 []


Overfull \hbox (7.48969pt too wide) in paragraph at lines 38--38
 \EU1/EBGaramond(2)/bx/n/10.95 esis for selection cuts. The efficiencies are re
lative to the total number of events passing 
 []


Overfull \hbox (12.47557pt too wide) in paragraph at lines 39--39
 [][] [][][]\EU1/EBGaramond(2)/bx/n/10.95 Absolute (left) and relative (right) 
signal efficiency as a function of RSG c=1.0 signal res- 
 []


Overfull \hbox (15.43938pt too wide) in paragraph at lines 39--39
 \EU1/EBGaramond(2)/bx/n/10.95 onance mass hypothesis for selection cuts. The r
elative efficiency is defined from the pre- 
 []


Overfull \hbox (15.0123pt too wide) in paragraph at lines 39--39
 \EU1/EBGaramond(2)/bx/n/10.95 vious cut, where the order of cuts is given by t
he legend. PassTrig means the event passes 
 []


Overfull \hbox (8.77444pt too wide) in paragraph at lines 39--39
 \EU1/EBGaramond(2)/bx/n/10.95 the trigger selection; PassDiJetPt means the eve
nt passes the leading and sub-leading jet 
 []


Overfull \hbox (10.44075pt too wide) in paragraph at lines 39--39
 [][]$\EU1/EBGaramond(2)/bx/n/10.95 cuts; PassDiJetEta means the event passes t
he leading and sub-leading jet $[]$ cuts; Pass- 
 []


Overfull \hbox (6.89828pt too wide) in paragraph at lines 39--39
 \EU1/EBGaramond(2)/bx/n/10.95 DetaH means the events passes the $\OMS/cmsy/m/n
/10.95 j[][]j \OML/cmm/m/it/10.95 < []:[]$ \EU1/EBGaramond(2)/bx/n/10.95 cut; P
assBJetSkim means the event con- 
 []


Overfull \hbox (20.86328pt too wide) in paragraph at lines 39--39
 \EU1/EBGaramond(2)/bx/n/10.95 tains at least two $[]$-tagged track jets, inclu
sive of 2$[]$, 2$[]$s, 3$[]$ and 4$[]$ configurations; PassSig- 
 []


Overfull \hbox (4.60645pt too wide) in paragraph at lines 41--41
 [][] [][][]\EU1/EBGaramond(2)/bx/n/10.95 Values of the $[][]$ and $[][]$ varia
bles, which are shapes in the two-dimensional plane of 
 []


Overfull \hbox (19.79747pt too wide) in paragraph at lines 41--41
 \EU1/EBGaramond(2)/bx/n/10.95 the large-R jet masses used to defined signal, c
ontrol, and sideband regions. For both vari- 
 []


Overfull \hbox (9.54095pt too wide) in paragraph at lines 42--42
 [][] [][][]\EU1/EBGaramond(2)/bx/n/10.95 Detailed signal efficiency in differe
nt signal/control/sideband regions as in 2$[]$s (top left, 
 []


Overfull \hbox (6.77065pt too wide) in paragraph at lines 42--42
 \EU1/EBGaramond(2)/bx/n/10.95 3$[]$ (top right), 4$[]$ (bottom left) and inclu
sive b-tagged regions, which incluse 2$[]$, 1$[]$ and 
 []


Overfull \hbox (13.19827pt too wide) in paragraph at lines 42--42
 \EU1/EBGaramond(2)/bx/n/10.95 0$[]$ as well, (bottom right) as a function of s
ignal resonance mass hypothesis for selection 
 []

)
\tf@lof=\write5
\openout5 = `dissertation.lof'.

 [9] (./dissertation.lot)
\tf@lot=\write6
\openout6 = `dissertation.lot'.

 [10

] (./frontmatter/dedication.tex) [11

]
(./frontmatter/thanks.tex
Overfull \hbox (16.6841pt too wide) in paragraph at lines 20--21
\EU1/EBGaramond(2)/bx/n/10.95 gram and has contributed to every bit of the resu
lt in my thesis. I am standing on the ATLAS(member)s 
 []

) [12


]
\openout2 = `chapters/introduction.aux'.

 (./chapters/introduction.tex
LaTeX Font Info:    Font shape `EU1/EBGaramond(2)/m/sl' in size <10> not availa
ble
(Font)              Font shape `EU1/EBGaramond(2)/m/it' tried instead on input 
line 2.
LaTeX Font Info:    Font shape `EU1/EBGaramond(2)/m/it' will be
(Font)              scaled to size 10.0pt on input line 2.

Underfull \hbox (badness 10000) in paragraph at lines 3--4
[]\EU1/EBGaramond(2)/m/it/10 It was the best of times, it was the worst of time
s, it was
 []


Underfull \hbox (badness 10000) in paragraph at lines 3--4
\EU1/EBGaramond(2)/m/it/10 the age of wisdom, it was the age of foolishness, it
 was
 []


Underfull \hbox (badness 10000) in paragraph at lines 3--4
\EU1/EBGaramond(2)/m/it/10 the epoch of belief, it was the epoch of incredulity
, it
 []


Underfull \hbox (badness 10000) in paragraph at lines 3--4
\EU1/EBGaramond(2)/m/it/10 was the season of Light, it was the season of Darkne
ss,
 []


Underfull \hbox (badness 10000) in paragraph at lines 3--4
\EU1/EBGaramond(2)/m/it/10 it was the spring of hope, it was the winter of desp
air,
 []


Underfull \hbox (badness 10000) in paragraph at lines 3--4
\EU1/EBGaramond(2)/m/it/10 we had everything before us, we had nothing before u
s,
 []


Underfull \hbox (badness 10000) in paragraph at lines 3--4
\EU1/EBGaramond(2)/m/it/10 we were all going direct to Heaven, we were all goin
g
 []


Underfull \hbox (badness 10000) in paragraph at lines 3--4
\EU1/EBGaramond(2)/m/it/10 direct the other wayin short, the period was so far
 like
 []


Underfull \hbox (badness 10000) in paragraph at lines 3--4
\EU1/EBGaramond(2)/m/it/10 the present period, that some of its noisiest author
ities
 []


Underfull \hbox (badness 10000) in paragraph at lines 3--4
\EU1/EBGaramond(2)/m/it/10 insisted on its being received, for good or for evil
, in the
 []

Chapter 0.
[1


]
LaTeX Font Info:    Font shape `EU1/EBGaramond(2)/bx/n' will be
(Font)              scaled to size 8.0pt on input line 30.


Package natbib Warning: Citation `Aad:2012tfa' on page 2 undefined on input lin
e 30.


Package natbib Warning: Citation `Chatrchyan201230' on page 2 undefined on inpu
t line 30.


Package natbib Warning: Citation `CMS-B2G-16-026' on page 2 undefined on input 
line 32.


Package natbib Warning: Citation `CMS-HIG-14-013' on page 2 undefined on input 
line 32.


Package natbib Warning: Citation `HIGG-2013-33' on page 2 undefined on input li
ne 32.


Package natbib Warning: Citation `CMS-HIG-17-002' on page 2 undefined on input 
line 32.


Package natbib Warning: Citation `CMSHIG17006' on page 2 undefined on input lin
e 32.


Package natbib Warning: Citation `Khachatryan:2016sey' on page 2 undefined on i
nput line 32.


Package natbib Warning: Citation `Khachatryan:2014jya' on page 2 undefined on i
nput line 32.


Overfull \hbox (6.07236pt too wide) in paragraph at lines 32--33
[]\EU1/EBGaramond(2)/bx/n/10.95 Previous searches for Higgs boson pair producti
on have all yielded null results. In the $[][][][]$channel, 
 []


Overfull \hbox (6.64651pt too wide) in paragraph at lines 32--33
\EU1/EBGaramond(2)/bx/n/10.95 ATLAS searched for both non-resonant and resonant
 production in the mass range of 4003000 GeV 
 []

[2] [3]) [4]
\openout2 = `chapters/chapter1.aux'.

 (./chapters/chapter1.tex
Chapter 1.
File: figures/theory/SM.png Graphic file (type QTm)
<use  "figures/theory/SM.png" >
LaTeX Font Info:    Font shape `EU1/EBGaramond(2)/bx/n' will be
(Font)              scaled to size 12.0pt on input line 19.
LaTeX Font Info:    Font shape `EU1/LatoRegular(0)/bx/n' will be
(Font)              scaled to size 9.5907pt on input line 19.
LaTeX Font Info:    Font shape `EU1/LatoRegular(0)/bx/n' will be
(Font)              scaled to size 7.99225pt on input line 19.
LaTeX Font Info:    Font shape `EU1/LatoRegular(0)/m/n' will be
(Font)              scaled to size 9.71375pt on input line 19.
LaTeX Font Info:    Font shape `EU1/LatoRegular(0)/m/n' will be
(Font)              scaled to size 8.09479pt on input line 19.
LaTeX Font Info:    Font shape `EU1/LatoRegular(0)/m/n' will be
(Font)              scaled to size 5.66635pt on input line 19.


LaTeX Warning: `!h' float specifier changed to `!ht'.

[5



] [6]
LaTeX Font Info:    Font shape `EU1/SourceCodePro(0)/bx/n' will be
(Font)              scaled to size 9.35316pt on input line 50.
LaTeX Font Info:    Font shape `EU1/EBGaramond(2)/bx/n' will be
(Font)              scaled to size 6.0pt on input line 50.
File: figures/theory/SM_HH_box.pdf Graphic file (type QTm)
 <use  "figures/theory/SM_HH_box.pdf" >
LaTeX Font Info:    Font shape `EU1/LatoRegular(0)/bx/n' will be
(Font)              scaled to size 8.7515pt on input line 84.
LaTeX Font Info:    Font shape `EU1/LatoRegular(0)/m/n' will be
(Font)              scaled to size 8.86378pt on input line 84.
File: figures/theory/SM_HH_tri.pdf Graphic file (type QTm)

<use  "figures/theory/SM_HH_tri.pdf" >
LaTeX Font Info:    Font shape `EU1/SourceCodePro(0)/m/n' will be
(Font)              scaled to size 8.54172pt on input line 93.
LaTeX Font Info:    Font shape `EU1/SourceCodePro(0)/m/it' will be
(Font)              scaled to size 8.54172pt on input line 93.
LaTeX Font Info:    Font shape `EU1/LatoRegular(0)/m/n' will be
(Font)              scaled to size 4.0474pt on input line 93.
 [7]
File: figures/theory/SM_HH_VBF.png Graphic file (type QTm)

<use  "figures/theory/SM_HH_VBF.png" >
File: figures/theory/HH_xsec.png Graphic file (type QTm)
 <use  "figures/theory/HH_xsec.png" >
[8]
File: figures/theory/BSM_HH_box.png Graphic file (type QTm)
 <use  "figures/theory/BSM_HH_box.png" >
File: figures/theory/BSM_HH_tri.png Graphic file (type QTm)

<use  "figures/theory/BSM_HH_tri.png" >
File: figures/theory/BSM_HH_X.png Graphic file (type QTm)
 <use  "figures/theory/BSM_HH_X.png" >

LaTeX Warning: `!h' float specifier changed to `!ht'.

[9]
File: figures/theory/HH_lam.png Graphic file (type QTm)
 <use  "figures/theory/HH_lam.png" > [10] [11]
File: figures/theory/lhclumi7813_2013_v1.png Graphic file (type QTm)

<use  "figures/theory/lhclumi7813_2013_v1.png" >
Overfull \hbox (1.66702pt too wide) in paragraph at lines 226--230
[] [][] \EU1/EBGaramond(2)/bx/n/10.95 Generally, it is easy theoretically for n
ew heavy resonance particles to interact with the SM through 
 []

[12]
File: figures/theory/HH_BR.png Graphic file (type QTm)
 <use  "figures/theory/HH_BR.png" >
File: figures/theory/Run1_ATLAS.pdf Graphic file (type QTm)

<use  "figures/theory/Run1_ATLAS.pdf" >

LaTeX Warning: `!h' float specifier changed to `!ht'.

[13] [14]
File: figures/theory/resolved_boosted.png Graphic file (type QTm)
 <use  "figures/theory/resolved_boosted.png" > [15]) [16]
\openout2 = `chapters/chapter2.aux'.


(./chapters/chapter2.tex
Chapter 2.
File: figures/detector/Cern-Accelerator-Complex.jpg Graphic file (type QTm)
<use  "figures/detector/Cern-Accelerator-Complex.jpg" >

LaTeX Warning: `!h' float specifier changed to `!ht'.

[17



] [18]

LaTeX Warning: Command \nobreakspace invalid in math mode on input line 60.


Overfull \hbox (0.48906pt too wide) in paragraph at lines 58--61
\EU1/EBGaramond(2)/bx/n/10.95 where, $[]$ is the number of interactions per bun
ch crossing. At each bunch crossing, multiple proton- 
 []

[19]
File: figures/detector/Mu_2015_2016.pdf Graphic file (type QTm)
 <use  "figures/detector/Mu_2015_2016.pdf" >

LaTeX Warning: No positions in optional float specifier.
               Default added (so using `tbp') on input line 70.


LaTeX Warning: Command \nobreakspace invalid in math mode on input line 77.

Missing character: There is no  in font cmr8!
LaTeX Font Info:    Font shape `EU1/SourceCodePro(0)/m/n' will be
(Font)              scaled to size 10.25006pt on input line 82.
LaTeX Font Info:    Font shape `EU1/SourceCodePro(0)/m/it' will be
(Font)              scaled to size 10.25006pt on input line 82.

Overfull \hbox (8.89471pt too wide) in alignment at lines 72--87
[] [] [] []
 []

File: figures/detector/ATLAS.jpg Graphic file (type QTm)
<use  "figures/detector/ATLAS.jpg" > [20] [21]
File: figures/detector/ID_rzmap.png Graphic file (type QTm)

<use  "figures/detector/ID_rzmap.png" >
File: figures/detector/ID_data_map_XY.png Graphic file (type QTm)

<use  "figures/detector/ID_data_map_XY.png" > [22]
File: figures/detector/MS_rz.png Graphic file (type QTm)

<use  "figures/detector/MS_rz.png" >
File: figures/detector/MS_phi.png Graphic file (type QTm)
 <use  "figures/detector/MS_phi.png" >
[23] [24]
File: figures/detector/Lumi_2015.pdf Graphic file (type QTm)
 <use  "figures/detector/Lumi_2015.pdf" >
Overfull \hbox (57.18149pt too wide) in paragraph at lines 207--208
[][] 
 []

File: figures/detector/Lumi_2016.pdf Graphic file (type QTm)
<use  "figures/detector/Lumi_2016.pdf" >
Overfull \hbox (57.18149pt too wide) in paragraph at lines 216--217
[][] 
 []

) [25]
\openout2 = `chapters/chapter3.aux'.

 (./chapters/chapter3.tex
Chapter 3.
File: figures/detector/ATLAS_particle.jpg Graphic file (type QTm)
<use  "figures/detector/ATLAS_particle.jpg" >

LaTeX Warning: `!h' float specifier changed to `!ht'.

[26



] [27] [28]
File: figures/object/Jet_mass.pdf Graphic file (type QTm)
 <use  "figures/object/Jet_mass.pdf" >
Overfull \hbox (9.70746pt too wide) in paragraph at lines 100--101
[][] 
 []

File: figures/object/Jet_mass_resolution.pdf Graphic file (type QTm)
<use  "figures/object/Jet_mass_resolution.pdf" >
Overfull \hbox (9.70746pt too wide) in paragraph at lines 106--107
[][] 
 []


LaTeX Warning: `!h' float specifier changed to `!ht'.

[29] [30] [31]
File: figures/object/b_sv.png Graphic file (type QTm)
 <use  "figures/object/b_sv.png" >
File: figures/object/b_mv2.png Graphic file (type QTm)

<use  "figures/object/b_mv2.png" >
LaTeX Font Info:    Font shape `EU1/LatoRegular(0)/m/it' will be
(Font)              scaled to size 8.09479pt on input line 180.
 [32]
File: figures/object/b_eff_pt.png Graphic file (type QTm)
 <use  "figures/object/b_eff_pt.png" >

LaTeX Warning: `!h' float specifier changed to `!ht'.

File: figures/object/c_rej_pt.png Graphic file (type QTm)
<use  "figures/object/c_rej_pt.png" >
File: figures/object/light_rej_pt.png Graphic file (type QTm)

<use  "figures/object/light_rej_pt.png" >

LaTeX Warning: `!h' float specifier changed to `!ht'.

[33] [34]

LaTeX Warning: Command \nobreakspace invalid in math mode on input line 250.

[35]) [36]
\openout2 = `chapters/chapter4.aux'.

 (./chapters/chapter4.tex
Chapter 4.
[37



]

Package natbib Warning: Citation `EvtGen' on page 38 undefined on input line 34
.

[38]
Overfull \hbox (10.02565pt too wide) in paragraph at lines 44--50
\EU1/EBGaramond(2)/bx/n/10.95 both been generated with  \EU1/EBGaramond(2)/m/sc
/10.95 Powheg-box \EU1/EBGaramond(2)/bx/n/10.95 v1$[]$ using the CT10 PDF set. 
The parton shower, hadroniza- 
 []

[39]
Overfull \hbox (4.5123pt too wide) in paragraph at lines 70--76
\EU1/EBGaramond(2)/bx/n/10.95 tion. The NNPDF2.3 LO parton distribution functio
n (PDF) set$[]$ was used for both \EU1/SourceCodePro(0)/m/it/10.95 MG5_aMC@NLO 

 []

[40]
Overfull \hbox (9.21205pt too wide) in paragraph at lines 78--83
[] [][] \EU1/EBGaramond(2)/bx/n/10.95 Signal 2HDM Scalar $\OMS/cmsy/m/n/10.95 !
  [][]  !  [][][][]$ \EU1/EBGaramond(2)/bx/n/10.95 events were generated at LO 
in QCD with \EU1/SourceCodePro(0)/m/it/10.95 MG5_aMC@NLO \EU1/EBGaramond(2)/bx/
n/10.95 2.2.3 
 []

) [41]
\openout2 = `chapters/chapter5.aux'.

 (./chapters/chapter5.tex
Chapter 5.
File: figures/theory/JiveXML_282712_595661746-YX-2018-04-16-20-50-34.png Graphi
c file (type QTm)
<use  "figures/theory/JiveXML_282712_595661746-YX-2018-04-16-20-50-34.png" >

LaTeX Warning: `!h' float specifier changed to `!ht'.

[42



] [43]
File: figures/boosted/Trigger/app_trig_b77_Efficiency_PreSel.pdf Graphic file (
type QTm)
 <use  "figures/boosted/Trigger/app_trig_b77_Efficiency_PreSel.pdf" >
File: figures/boosted/Trigger/app_trig_b77_Efficiency_All.pdf Graphic file (typ
e QTm)

<use  "figures/boosted/Trigger/app_trig_b77_Efficiency_All.pdf" >
File: figures/boosted/Trigger/trig_15_b77_pT_Efficiency.pdf Graphic file (type 
QTm)

<use  "figures/boosted/Trigger/trig_15_b77_pT_Efficiency.pdf" >
File: figures/boosted/Trigger/trig_16_b77_pT_Efficiency.pdf Graphic file (type 
QTm)

<use  "figures/boosted/Trigger/trig_16_b77_pT_Efficiency.pdf" >
.................................................
. fontspec info: "no-font-shape"
. 
. Could not resolve font EB Garamond/B (it probably doesn't exist).
.................................................
.................................................
. fontspec info: "defining-font"
. 
. Font family 'EBGaramond(4)' created for font 'EB Garamond' with options
. [Ligatures=TeX,Numbers=OldStyle,Ligatures={Common,
. TeX},Scale=1.0,RawFeature=+tnum].
. 
. This font family consists of the following shapes:
. 
. * 'normal' with NFSS spec.:
. <->s*[1.0]"EB
. Garamond/OT:script=latn;language=DFLT;mapping=tex-text;+onum;+liga;mapping=te
x-text;+tnum;"
. 
. * 'small caps' with NFSS spec.:
. <->s*[1.0]"EB
. Garamond/OT:script=latn;language=DFLT;mapping=tex-text;+onum;+liga;mapping=te
x-text;+tnum;+smcp;"
. and font adjustment code:
. 
. 
. * 'italic' with NFSS spec.:
. <->s*[1.0]"EB
. Garamond/I/OT:script=latn;language=DFLT;mapping=tex-text;+onum;+liga;mapping=
tex-text;+tnum;"
. 
. * 'small caps' with NFSS spec.:
. <->s*[1.0]"EB
. Garamond/I/OT:script=latn;language=DFLT;mapping=tex-text;+onum;+liga;mapping=
tex-text;+tnum;+smcp;"
. and font adjustment code:
. 
. 
. * 'bold italic' with NFSS spec.:
. <->s*[1.0]"EB
. Garamond/BI/OT:script=latn;language=DFLT;mapping=tex-text;+onum;+liga;mapping
=tex-text;+tnum;"
. 
. * 'bold small caps' with NFSS spec.:
. <->s*[1.0]"EB
. Garamond/BI/OT:script=latn;language=DFLT;mapping=tex-text;+onum;+liga;mapping
=tex-text;+tnum;+smcp;"
. and font adjustment code:
. 
.................................................
LaTeX Font Info:    Font shape `EU1/EBGaramond(4)/m/n' will be
(Font)              scaled to size 12.0pt on input line 85.
LaTeX Font Info:    Font shape `EU1/EBGaramond(4)/m/n' will be
(Font)              scaled to size 10.95pt on input line 100.
LaTeX Font Info:    Font shape `EU1/EBGaramond(4)/m/it' will be
(Font)              scaled to size 10.95pt on input line 100.
 [44] [45]
File: figures/boosted/Truth/truth_higgs-matching.pdf Graphic file (type QTm)

<use  "figures/boosted/Truth/truth_higgs-matching.pdf" >
LaTeX Font Info:    Font shape `EU1/EBGaramond(4)/m/n' will be
(Font)              scaled to size 10.0pt on input line 109.
File: figures/boosted/Truth/truth_hbdR.pdf Graphic file (type QTm)

<use  "figures/boosted/Truth/truth_hbdR.pdf" >
File: figures/boosted/Truth/truth_hbdR2.pdf Graphic file (type QTm)

<use  "figures/boosted/Truth/truth_hbdR2.pdf" > [46]
File: figures/boosted/Truth/truth_b-matching.pdf Graphic file (type QTm)

<use  "figures/boosted/Truth/truth_b-matching.pdf" >
File: figures/boosted/Truth/truth_b-matching-sublead.pdf Graphic file (type QTm
)

<use  "figures/boosted/Truth/truth_b-matching-sublead.pdf" > [47]
File: figures/boosted/muons/h1_mass_dbl.pdf Graphic file (type QTm)

<use  "figures/boosted/muons/h1_mass_dbl.pdf" >
File: figures/boosted/muons/h2_mass_dbl.pdf Graphic file (type QTm)

<use  "figures/boosted/muons/h2_mass_dbl.pdf" >
File: figures/boosted/muons/hh_mass_dbl.pdf Graphic file (type QTm)

<use  "figures/boosted/muons/hh_mass_dbl.pdf" >
File: figures/boosted/muons/h12_corr_mass.pdf Graphic file (type QTm)

<use  "figures/boosted/muons/h12_corr_mass.pdf" > [48] [49]
File: figures/boosted/Other/AllTag_Signal_hCandDeta_F_c10-cb-no-deta-cut_truth_
0.pdf Graphic file (type QTm)

<use  "figures/boosted/Other/AllTag_Signal_hCandDeta_F_c10-cb-no-deta-cut_truth
_0.pdf" >
LaTeX Font Info:    Font shape `EU1/EBGaramond(4)/m/it' will be
(Font)              scaled to size 10.0pt on input line 173.
File: figures/object/JiveXML_282631_530527390-YX-RZ-YZ-EventInfo-2016-02-29-15-
48-39.png Graphic file (type QTm)

<use  "figures/object/JiveXML_282631_530527390-YX-RZ-YZ-EventInfo-2016-02-29-15
-48-39.png" >
File: figures/object/JiveXML_282631_530527390-YX-RZ-YZ-EventInfo-2016-02-29-15-
48-08.png Graphic file (type QTm)

<use  "figures/object/JiveXML_282631_530527390-YX-RZ-YZ-EventInfo-2016-02-29-15
-48-08.png" >

LaTeX Warning: `!h' float specifier changed to `!ht'.

[50] [51] [52]

LaTeX Warning: Reference `fig:resolvedRegions' on page 53 undefined on input li
ne 261.

File: figures/boosted/Truth/Sig_1200_AllTag_Incl_mH0H1.pdf Graphic file (type Q
Tm)
<use  "figures/boosted/Truth/Sig_1200_AllTag_Incl_mH0H1.pdf" >
File: figures/boosted/Truth/Sig_2000_AllTag_Incl_mH0H1.pdf Graphic file (type Q
Tm)

<use  "figures/boosted/Truth/Sig_2000_AllTag_Incl_mH0H1.pdf" > [53]

Package hyperref Warning: Token not allowed in a PDF string (Unicode):
(hyperref)                removing `math shift' on input line 301.


Package hyperref Warning: Token not allowed in a PDF string (Unicode):
(hyperref)                removing `math shift' on input line 301.

[54]
File: figures/boosted/SigEff/region_lst_Moriond_Efficiency_AllTag_Signal.pdf Gr
aphic file (type QTm)

<use  "figures/boosted/SigEff/region_lst_Moriond_Efficiency_AllTag_Signal.pdf" 
>
File: figures/boosted/SigEff/detail_lst_Moriond_Efficiency_AllTag_Signal.pdf Gr
aphic file (type QTm)

<use  "figures/boosted/SigEff/detail_lst_Moriond_Efficiency_AllTag_Signal.pdf" 
> [55]
File: figures/boosted/SigEff/evtsel_Moriond_Efficiency_PreSel.pdf Graphic file 
(type QTm)
 <use  "figures/boosted/SigEff/evtsel_Moriond_Efficiency_PreSel.pdf" >
File: figures/boosted/SigEff/evtsel_Moriond_Efficiency_PreSel_rel.pdf Graphic f
ile (type QTm)

<use  "figures/boosted/SigEff/evtsel_Moriond_Efficiency_PreSel_rel.pdf" >
(./figures/boosted/tables/SignalEffTable_RSG_c10.tex)
(./figures/boosted/tables/SignalEffTable_RSG_c20.tex)
(./figures/boosted/tables/SignalEffTable_Xhh.tex)) [56] [57] [58]
\openout2 = `chapters/chapter6.aux'.


(./chapters/chapter6.tex
Underfull \hbox (badness 10000) in paragraph at lines 3--4
[]\EU1/EBGaramond(2)/m/it/10 Even in the darkest night. Stars and angels still 
shine
 []

Chapter 6.

LaTeX Warning: Reference `app:muqcd-study' on page 59 undefined on input line 1
7.

[59



] [60]

LaTeX Warning: Reference `app:muqcd-study' on page 61 undefined on input line 4
0.


LaTeX Warning: Reference `sec:boosted-qcd' on page 61 undefined on input line 5
6.

[61]

LaTeX Warning: Reference `sec:ttbarnorm' on page 62 undefined on input line 68.


File: figures/boosted/Other/cartoon-xhh.pdf Graphic file (type QTm)
<use  "figures/boosted/Other/cartoon-xhh.pdf" >
File: figures/boosted/Other/cartoon-rhh.pdf Graphic file (type QTm)

<use  "figures/boosted/Other/cartoon-rhh.pdf" >
File: figures/boosted/SigEff/region_2b_lst_Moriond_Efficiency_PreSel.pdf Graphi
c file (type QTm)

<use  "figures/boosted/SigEff/region_2b_lst_Moriond_Efficiency_PreSel.pdf" >
File: figures/boosted/SigEff/region_3b_lst_Moriond_Efficiency_PreSel.pdf Graphi
c file (type QTm)

<use  "figures/boosted/SigEff/region_3b_lst_Moriond_Efficiency_PreSel.pdf" >
File: figures/boosted/SigEff/region_4b_lst_Moriond_Efficiency_PreSel.pdf Graphi
c file (type QTm)

<use  "figures/boosted/SigEff/region_4b_lst_Moriond_Efficiency_PreSel.pdf" >
File: figures/boosted/SigEff/region_alltag_lst_Moriond_Efficiency_PreSel.pdf Gr
aphic file (type QTm)

<use  "figures/boosted/SigEff/region_alltag_lst_Moriond_Efficiency_PreSel.pdf" 
>) [62] [63] [64]
\openout2 = `chapters/conclusion.aux'.

 (./chapters/conclusion.tex
Underfull \hbox (badness 10000) in paragraph at lines 3--4
[]\EU1/EBGaramond(2)/m/it/10 It is a far, far better thing that I do, than I ha
ve ever
 []


Underfull \hbox (badness 10000) in paragraph at lines 3--4
\EU1/EBGaramond(2)/m/it/10 done; it is a far, far better rest that I go to than
 I have
 []

Chapter 7.

Package natbib Warning: Citation `Aaboud:2016xco' on page 65 undefined on input
 line 15.

[65



]) [66] (./dissertation.bbl [67



] [68]
Underfull \hbox (badness 1997) in paragraph at lines 179--184
[]\EU1/EBGaramond(2)/bx/n/10.95 Georges Aad et al.  Searches for Higgs boson pa
ir production in the $[][] \OMS/cmsy/m/n/10.95 ! 
 []

[69] [70]

LaTeX Warning: Command \nobreakspace invalid in math mode on input line 340.

[71] [72])

Package natbib Warning: There were undefined citations.

Package atveryend Info: Empty hook `BeforeClearDocument' on input line 65.
[73]
Package atveryend Info: Empty hook `AfterLastShipout' on input line 65.
 (./dissertation.aux (./chapters/introduction.aux) (./chapters/chapter1.aux) (.
/chapters/chapter2.aux) (./chapters/chapter3.aux) (./chapters/chapter4.aux) (./
chapters/chapter5.aux) (./chapters/chapter6.aux) (./chapters/conclusion.aux))
Package atveryend Info: Empty hook `AtVeryEndDocument' on input line 65.
Package atveryend Info: Empty hook `AtEndAfterFileList' on input line 65.


LaTeX Font Warning: Some font shapes were not available, defaults substituted.


LaTeX Warning: There were undefined references.

 ) 
Here is how much of TeX's memory you used:
 25936 strings out of 493706
 476635 string characters out of 6145769
 590214 words of memory out of 5000000
 28771 multiletter control sequences out of 15000+600000
 18954 words of font info for 160 fonts, out of 8000000 for 9000
 1328 hyphenation exceptions out of 8191
 60i,14n,104p,10522b,637s stack positions out of 5000i,500n,10000p,200000b,80000s

Output written on dissertation.pdf (85 pages).
