\BOOKMARK [0][-]{Abstract.0}{Abstract}{}% 1
\BOOKMARK [0][-]{Dedication.0}{Dedication}{}% 2
\BOOKMARK [0][-]{chapter.0}{Introduction}{}% 3
\BOOKMARK [0][-]{chapter.1}{Motivation\040for\040searches\040beyond\040the\040Standard\040Model}{}% 4
\BOOKMARK [1][-]{section.1.1}{the\040Standard\040Model}{chapter.1}% 5
\BOOKMARK [1][-]{section.1.2}{Problems\040with\040the\040Standard\040Model}{chapter.1}% 6
\BOOKMARK [1][-]{section.1.3}{Paths\040Beyond\040the\040Standard\040Model}{chapter.1}% 7
\BOOKMARK [0][-]{chapter.2}{Machine of discovery–The Large Hadron Collider}{}% 8
\BOOKMARK [1][-]{section.2.1}{Design}{chapter.2}% 9
\BOOKMARK [1][-]{section.2.2}{Performance}{chapter.2}% 10
\BOOKMARK [0][-]{chapter.3}{Eyes of giant–The ATLAS Detector}{}% 11
\BOOKMARK [0][-]{chapter.4}{Game of Jigsaw–Reconstruction}{}% 12
\BOOKMARK [1][-]{section.4.1}{Introduction\040to\040objects}{chapter.4}% 13
\BOOKMARK [0][-]{chapter.5}{Censor of work–Data Quality}{}% 14
\BOOKMARK [1][-]{section.5.1}{Data\040Flow\040in\040ATLAS}{chapter.5}% 15
\BOOKMARK [1][-]{section.5.2}{Online\040Monitoring}{chapter.5}% 16
\BOOKMARK [1][-]{section.5.3}{Offline\040Monitoring}{chapter.5}% 17
\BOOKMARK [0][-]{chapter.6}{Event\040Selection}{}% 18
\BOOKMARK [1][-]{section.6.1}{Optimization\040Strategy}{chapter.6}% 19
\BOOKMARK [1][-]{section.6.2}{b\040tagging}{chapter.6}% 20
\BOOKMARK [0][-]{chapter.7}{Background\040Estimation}{}% 21
\BOOKMARK [0][-]{chapter.8}{Systematics}{}% 22
\BOOKMARK [0][-]{chapter.9}{Result}{}% 23
\BOOKMARK [0][-]{chapter.10}{Intepretation}{}% 24
\BOOKMARK [0][-]{chapter.11}{Conclusion}{}% 25
\BOOKMARK [0][-]{Appendix.1.A}{Appendix\040Some\040extra\040stuff}{}% 26
\BOOKMARK [0][-]{Appendix.1.A}{References}{}% 27
